{"/home/travis/build/npmtest/node-npmtest-node-rsa/test.js":{"path":"/home/travis/build/npmtest/node-npmtest-node-rsa/test.js","s":{"1":2,"2":2,"3":2,"4":2,"5":2,"6":2,"7":2,"8":1,"9":2,"10":2,"11":1,"12":1,"13":1,"14":1,"15":2,"16":2,"17":2,"18":2,"19":1,"20":1,"21":2,"22":2,"23":2,"24":1,"25":1,"26":1,"27":1,"28":1,"29":1,"30":1,"31":1,"32":1,"33":1,"34":1,"35":1,"36":1,"37":1,"38":1,"39":2,"40":2,"41":1,"42":2,"43":2,"44":1,"45":2,"46":2,"47":1,"48":2,"49":2,"50":1,"51":1,"52":1,"53":1,"54":1},"b":{"1":[2,1,1,1],"2":[1,1,1,1],"3":[1,1],"4":[1,1],"5":[1,1],"6":[1,1],"7":[1,1],"8":[1,1],"9":[1,1],"10":[1,1,1],"11":[1,1],"12":[1,1],"13":[1,1],"14":[1,1],"15":[1,1],"16":[1,1],"17":[1,1]},"f":{"1":2,"2":2,"3":2,"4":2,"5":2,"6":1,"7":1,"8":1,"9":2,"10":2,"11":2,"12":2,"13":1},"fnMap":{"1":{"name":"(anonymous_1)","line":12,"loc":{"start":{"line":12,"column":1},"end":{"line":12,"column":13}}},"2":{"name":"(anonymous_2)","line":19,"loc":{"start":{"line":19,"column":5},"end":{"line":19,"column":17}}},"3":{"name":"(anonymous_3)","line":23,"loc":{"start":{"line":23,"column":24},"end":{"line":23,"column":36}}},"4":{"name":"(anonymous_4)","line":61,"loc":{"start":{"line":61,"column":5},"end":{"line":61,"column":17}}},"5":{"name":"(anonymous_5)","line":82,"loc":{"start":{"line":82,"column":5},"end":{"line":82,"column":17}}},"6":{"name":"(anonymous_6)","line":91,"loc":{"start":{"line":91,"column":77},"end":{"line":94,"column":10}}},"7":{"name":"(anonymous_7)","line":112,"loc":{"start":{"line":112,"column":83},"end":{"line":115,"column":10}},"skip":true},"8":{"name":"(anonymous_8)","line":123,"loc":{"start":{"line":123,"column":77},"end":{"line":126,"column":10}},"skip":true},"9":{"name":"(anonymous_9)","line":139,"loc":{"start":{"line":139,"column":12},"end":{"line":139,"column":40}},"skip":true},"10":{"name":"(anonymous_10)","line":147,"loc":{"start":{"line":147,"column":77},"end":{"line":150,"column":10}},"skip":true},"11":{"name":"(anonymous_11)","line":158,"loc":{"start":{"line":158,"column":83},"end":{"line":161,"column":10}},"skip":true},"12":{"name":"(anonymous_12)","line":169,"loc":{"start":{"line":169,"column":79},"end":{"line":172,"column":10}},"skip":true},"13":{"name":"(anonymous_13)","line":180,"loc":{"start":{"line":180,"column":75},"end":{"line":183,"column":10}},"skip":true}},"statementMap":{"1":{"start":{"line":12,"column":0},"end":{"line":195,"column":5}},"2":{"start":{"line":14,"column":4},"end":{"line":14,"column":14}},"3":{"start":{"line":19,"column":4},"end":{"line":56,"column":9}},"4":{"start":{"line":21,"column":8},"end":{"line":21,"column":19}},"5":{"start":{"line":23,"column":8},"end":{"line":35,"column":13}},"6":{"start":{"line":24,"column":12},"end":{"line":34,"column":13}},"7":{"start":{"line":25,"column":16},"end":{"line":28,"column":30}},"8":{"start":{"line":30,"column":16},"end":{"line":33,"column":27}},"9":{"start":{"line":37,"column":8},"end":{"line":39,"column":21}},"10":{"start":{"line":40,"column":8},"end":{"line":53,"column":9}},"11":{"start":{"line":43,"column":12},"end":{"line":46,"column":14}},"12":{"start":{"line":47,"column":12},"end":{"line":47,"column":18}},"13":{"start":{"line":50,"column":12},"end":{"line":51,"column":46}},"14":{"start":{"line":52,"column":12},"end":{"line":52,"column":18}},"15":{"start":{"line":55,"column":8},"end":{"line":55,"column":35}},"16":{"start":{"line":61,"column":4},"end":{"line":63,"column":9}},"17":{"start":{"line":62,"column":8},"end":{"line":62,"column":15}},"18":{"start":{"line":64,"column":4},"end":{"line":77,"column":5}},"19":{"start":{"line":70,"column":8},"end":{"line":70,"column":14}},"20":{"start":{"line":76,"column":8},"end":{"line":76,"column":14}},"21":{"start":{"line":82,"column":4},"end":{"line":84,"column":9}},"22":{"start":{"line":83,"column":8},"end":{"line":83,"column":15}},"23":{"start":{"line":85,"column":4},"end":{"line":194,"column":5}},"24":{"start":{"line":91,"column":8},"end":{"line":99,"column":10}},"25":{"start":{"line":98,"column":12},"end":{"line":98,"column":35}},"26":{"start":{"line":102,"column":8},"end":{"line":104,"column":63}},"27":{"start":{"line":105,"column":8},"end":{"line":105,"column":14}},"28":{"start":{"line":112,"column":8},"end":{"line":121,"column":10},"skip":true},"29":{"start":{"line":119,"column":12},"end":{"line":119,"column":55},"skip":true},"30":{"start":{"line":120,"column":12},"end":{"line":120,"column":48},"skip":true},"31":{"start":{"line":123,"column":8},"end":{"line":136,"column":10},"skip":true},"32":{"start":{"line":130,"column":12},"end":{"line":130,"column":76},"skip":true},"33":{"start":{"line":131,"column":12},"end":{"line":131,"column":73},"skip":true},"34":{"start":{"line":132,"column":12},"end":{"line":132,"column":74},"skip":true},"35":{"start":{"line":133,"column":12},"end":{"line":133,"column":79},"skip":true},"36":{"start":{"line":134,"column":12},"end":{"line":134,"column":25},"skip":true},"37":{"start":{"line":135,"column":12},"end":{"line":135,"column":45},"skip":true},"38":{"start":{"line":138,"column":8},"end":{"line":145,"column":14},"skip":true},"39":{"start":{"line":143,"column":16},"end":{"line":143,"column":29},"skip":true},"40":{"start":{"line":144,"column":16},"end":{"line":144,"column":55},"skip":true},"41":{"start":{"line":147,"column":8},"end":{"line":156,"column":10},"skip":true},"42":{"start":{"line":154,"column":12},"end":{"line":154,"column":25},"skip":true},"43":{"start":{"line":155,"column":12},"end":{"line":155,"column":45},"skip":true},"44":{"start":{"line":158,"column":8},"end":{"line":167,"column":10},"skip":true},"45":{"start":{"line":165,"column":12},"end":{"line":165,"column":25},"skip":true},"46":{"start":{"line":166,"column":12},"end":{"line":166,"column":48},"skip":true},"47":{"start":{"line":169,"column":8},"end":{"line":178,"column":10},"skip":true},"48":{"start":{"line":176,"column":12},"end":{"line":176,"column":25},"skip":true},"49":{"start":{"line":177,"column":12},"end":{"line":177,"column":46},"skip":true},"50":{"start":{"line":180,"column":8},"end":{"line":189,"column":10},"skip":true},"51":{"start":{"line":187,"column":12},"end":{"line":187,"column":94},"skip":true},"52":{"start":{"line":188,"column":12},"end":{"line":188,"column":48},"skip":true},"53":{"start":{"line":192,"column":8},"end":{"line":192,"column":35},"skip":true},"54":{"start":{"line":193,"column":8},"end":{"line":193,"column":14},"skip":true}},"branchMap":{"1":{"line":25,"type":"binary-expr","locations":[{"start":{"line":25,"column":23},"end":{"line":25,"column":62}},{"start":{"line":26,"column":20},"end":{"line":26,"column":70}},{"start":{"line":27,"column":20},"end":{"line":27,"column":71}},{"start":{"line":28,"column":20},"end":{"line":28,"column":29}}]},"2":{"line":30,"type":"binary-expr","locations":[{"start":{"line":30,"column":23},"end":{"line":30,"column":37}},{"start":{"line":31,"column":20},"end":{"line":31,"column":61}},{"start":{"line":32,"column":20},"end":{"line":32,"column":70}},{"start":{"line":33,"column":20},"end":{"line":33,"column":26}}]},"3":{"line":37,"type":"cond-expr","locations":[{"start":{"line":38,"column":14},"end":{"line":38,"column":20}},{"start":{"line":39,"column":14},"end":{"line":39,"column":20}}]},"4":{"line":40,"type":"switch","locations":[{"start":{"line":42,"column":8},"end":{"line":47,"column":18}},{"start":{"line":49,"column":8},"end":{"line":52,"column":18}}]},"5":{"line":44,"type":"binary-expr","locations":[{"start":{"line":44,"column":16},"end":{"line":44,"column":44}},{"start":{"line":44,"column":48},"end":{"line":44,"column":66}}]},"6":{"line":50,"type":"binary-expr","locations":[{"start":{"line":50,"column":21},"end":{"line":50,"column":49}},{"start":{"line":50,"column":53},"end":{"line":50,"column":72}}]},"7":{"line":64,"type":"switch","locations":[{"start":{"line":69,"column":4},"end":{"line":70,"column":14}},{"start":{"line":75,"column":4},"end":{"line":76,"column":14}}]},"8":{"line":85,"type":"switch","locations":[{"start":{"line":90,"column":4},"end":{"line":105,"column":14}},{"start":{"line":111,"column":4},"end":{"line":193,"column":14},"skip":true}]},"9":{"line":91,"type":"binary-expr","locations":[{"start":{"line":91,"column":42},"end":{"line":91,"column":73}},{"start":{"line":91,"column":77},"end":{"line":99,"column":9}}]},"10":{"line":102,"type":"binary-expr","locations":[{"start":{"line":102,"column":18},"end":{"line":102,"column":32}},{"start":{"line":103,"column":12},"end":{"line":103,"column":53}},{"start":{"line":104,"column":12},"end":{"line":104,"column":61}}]},"11":{"line":112,"type":"binary-expr","locations":[{"start":{"line":112,"column":45},"end":{"line":112,"column":79},"skip":true},{"start":{"line":112,"column":83},"end":{"line":121,"column":9},"skip":true}]},"12":{"line":123,"type":"binary-expr","locations":[{"start":{"line":123,"column":42},"end":{"line":123,"column":73},"skip":true},{"start":{"line":123,"column":77},"end":{"line":136,"column":9},"skip":true}]},"13":{"line":138,"type":"binary-expr","locations":[{"start":{"line":138,"column":48},"end":{"line":138,"column":85},"skip":true},{"start":{"line":139,"column":12},"end":{"line":145,"column":13},"skip":true}]},"14":{"line":147,"type":"binary-expr","locations":[{"start":{"line":147,"column":42},"end":{"line":147,"column":73},"skip":true},{"start":{"line":147,"column":77},"end":{"line":156,"column":9},"skip":true}]},"15":{"line":158,"type":"binary-expr","locations":[{"start":{"line":158,"column":45},"end":{"line":158,"column":79},"skip":true},{"start":{"line":158,"column":83},"end":{"line":167,"column":9},"skip":true}]},"16":{"line":169,"type":"binary-expr","locations":[{"start":{"line":169,"column":43},"end":{"line":169,"column":75},"skip":true},{"start":{"line":169,"column":79},"end":{"line":178,"column":9},"skip":true}]},"17":{"line":180,"type":"binary-expr","locations":[{"start":{"line":180,"column":41},"end":{"line":180,"column":71},"skip":true},{"start":{"line":180,"column":75},"end":{"line":189,"column":9},"skip":true}]}},"code":["/* istanbul instrument in package npmtest_node_rsa */","/*jslint","    bitwise: true,","    browser: true,","    maxerr: 8,","    maxlen: 96,","    node: true,","    nomen: true,","    regexp: true,","    stupid: true","*/","(function () {","    'use strict';","    var local;","","","","    // run shared js-env code - pre-init","    (function () {","        // init local","        local = {};","        // init modeJs","        local.modeJs = (function () {","            try {","                return typeof navigator.userAgent === 'string' &&","                    typeof document.querySelector('body') === 'object' &&","                    typeof XMLHttpRequest.prototype.open === 'function' &&","                    'browser';","            } catch (errorCaughtBrowser) {","                return module.exports &&","                    typeof process.versions.node === 'string' &&","                    typeof require('http').createServer === 'function' &&","                    'node';","            }","        }());","        // init global","        local.global = local.modeJs === 'browser'","            ? window","            : global;","        switch (local.modeJs) {","        // re-init local from window.local","        case 'browser':","            local = local.global.utility2.objectSetDefault(","                local.global.utility2_rollup || local.global.local,","                local.global.utility2","            );","            break;","        // re-init local from example.js","        case 'node':","            local = (local.global.utility2_rollup || require('utility2'))","                .requireExampleJsFromReadme();","            break;","        }","        // export local","        local.global.local = local;","    }());","","","","    // run shared js-env code - function","    (function () {","        return;","    }());","    switch (local.modeJs) {","","","","    // run browser js-env code - function","    case 'browser':","        break;","","","","    // run node js-env code - function","    case 'node':","        break;","    }","","","","    // run shared js-env code - post-init","    (function () {","        return;","    }());","    switch (local.modeJs) {","","","","    // run browser js-env code - post-init","    case 'browser':","        local.testCase_browser_nullCase = local.testCase_browser_nullCase || function (","            options,","            onError","        ) {","        /*","         * this function will test browsers's null-case handling-behavior-behavior","         */","            onError(null, options);","        };","","        // run tests","        local.nop(local.modeTest &&","            document.querySelector('#testRunButton1') &&","            document.querySelector('#testRunButton1').click());","        break;","","","","    // run node js-env code - post-init","    /* istanbul ignore next */","    case 'node':","        local.testCase_buildApidoc_default = local.testCase_buildApidoc_default || function (","            options,","            onError","        ) {","        /*","         * this function will test buildApidoc's default handling-behavior-behavior","         */","            options = { modulePathList: module.paths };","            local.buildApidoc(options, onError);","        };","","        local.testCase_buildApp_default = local.testCase_buildApp_default || function (","            options,","            onError","        ) {","        /*","         * this function will test buildApp's default handling-behavior-behavior","         */","            local.testCase_buildReadme_default(options, local.onErrorThrow);","            local.testCase_buildLib_default(options, local.onErrorThrow);","            local.testCase_buildTest_default(options, local.onErrorThrow);","            local.testCase_buildCustomOrg_default(options, local.onErrorThrow);","            options = [];","            local.buildApp(options, onError);","        };","","        local.testCase_buildCustomOrg_default = local.testCase_buildCustomOrg_default ||","            function (options, onError) {","            /*","             * this function will test buildCustomOrg's default handling-behavior","             */","                options = {};","                local.buildCustomOrg(options, onError);","            };","","        local.testCase_buildLib_default = local.testCase_buildLib_default || function (","            options,","            onError","        ) {","        /*","         * this function will test buildLib's default handling-behavior","         */","            options = {};","            local.buildLib(options, onError);","        };","","        local.testCase_buildReadme_default = local.testCase_buildReadme_default || function (","            options,","            onError","        ) {","        /*","         * this function will test buildReadme's default handling-behavior-behavior","         */","            options = {};","            local.buildReadme(options, onError);","        };","","        local.testCase_buildTest_default = local.testCase_buildTest_default || function (","            options,","            onError","        ) {","        /*","         * this function will test buildTest's default handling-behavior","         */","            options = {};","            local.buildTest(options, onError);","        };","","        local.testCase_webpage_default = local.testCase_webpage_default || function (","            options,","            onError","        ) {","        /*","         * this function will test webpage's default handling-behavior","         */","            options = { modeCoverageMerge: true, url: local.serverLocalHost + '?modeTest=1' };","            local.browserTest(options, onError);","        };","","        // run test-server","        local.testRunServer(local);","        break;","    }","}());",""],"l":{"12":2,"14":2,"19":2,"21":2,"23":2,"24":2,"25":2,"30":1,"37":2,"40":2,"43":1,"47":1,"50":1,"52":1,"55":2,"61":2,"62":2,"64":2,"70":1,"76":1,"82":2,"83":2,"85":2,"91":1,"98":1,"102":1,"105":1,"112":1,"119":1,"120":1,"123":1,"130":1,"131":1,"132":1,"133":1,"134":1,"135":1,"138":1,"143":2,"144":2,"147":1,"154":2,"155":2,"158":1,"165":2,"166":2,"169":1,"176":2,"177":2,"180":1,"187":1,"188":1,"192":1,"193":1}},"/home/travis/build/npmtest/node-npmtest-node-rsa/lib.npmtest_node_rsa.js":{"path":"/home/travis/build/npmtest/node-npmtest-node-rsa/lib.npmtest_node_rsa.js","s":{"1":2,"2":2,"3":2,"4":2,"5":2,"6":2,"7":2,"8":1,"9":2,"10":2,"11":2,"12":2,"13":1,"14":1,"15":1,"16":1},"b":{"1":[2,1,1,1],"2":[1,1,1,1],"3":[1,1],"4":[2,2],"5":[1,1]},"f":{"1":2,"2":2,"3":2},"fnMap":{"1":{"name":"(anonymous_1)","line":12,"loc":{"start":{"line":12,"column":1},"end":{"line":12,"column":13}}},"2":{"name":"(anonymous_2)","line":19,"loc":{"start":{"line":19,"column":5},"end":{"line":19,"column":17}}},"3":{"name":"(anonymous_3)","line":23,"loc":{"start":{"line":23,"column":24},"end":{"line":23,"column":36}}}},"statementMap":{"1":{"start":{"line":12,"column":0},"end":{"line":53,"column":5}},"2":{"start":{"line":14,"column":4},"end":{"line":14,"column":14}},"3":{"start":{"line":19,"column":4},"end":{"line":52,"column":9}},"4":{"start":{"line":21,"column":8},"end":{"line":21,"column":19}},"5":{"start":{"line":23,"column":8},"end":{"line":35,"column":13}},"6":{"start":{"line":24,"column":12},"end":{"line":34,"column":13}},"7":{"start":{"line":25,"column":16},"end":{"line":28,"column":30}},"8":{"start":{"line":30,"column":16},"end":{"line":33,"column":27}},"9":{"start":{"line":37,"column":8},"end":{"line":39,"column":21}},"10":{"start":{"line":41,"column":8},"end":{"line":41,"column":54}},"11":{"start":{"line":43,"column":8},"end":{"line":43,"column":53}},"12":{"start":{"line":45,"column":8},"end":{"line":51,"column":9}},"13":{"start":{"line":46,"column":12},"end":{"line":46,"column":59}},"14":{"start":{"line":48,"column":12},"end":{"line":48,"column":35}},"15":{"start":{"line":49,"column":12},"end":{"line":49,"column":49}},"16":{"start":{"line":50,"column":12},"end":{"line":50,"column":43}}},"branchMap":{"1":{"line":25,"type":"binary-expr","locations":[{"start":{"line":25,"column":23},"end":{"line":25,"column":62}},{"start":{"line":26,"column":20},"end":{"line":26,"column":70}},{"start":{"line":27,"column":20},"end":{"line":27,"column":71}},{"start":{"line":28,"column":20},"end":{"line":28,"column":29}}]},"2":{"line":30,"type":"binary-expr","locations":[{"start":{"line":30,"column":23},"end":{"line":30,"column":37}},{"start":{"line":31,"column":20},"end":{"line":31,"column":61}},{"start":{"line":32,"column":20},"end":{"line":32,"column":70}},{"start":{"line":33,"column":20},"end":{"line":33,"column":26}}]},"3":{"line":37,"type":"cond-expr","locations":[{"start":{"line":38,"column":14},"end":{"line":38,"column":20}},{"start":{"line":39,"column":14},"end":{"line":39,"column":20}}]},"4":{"line":41,"type":"binary-expr","locations":[{"start":{"line":41,"column":16},"end":{"line":41,"column":44}},{"start":{"line":41,"column":48},"end":{"line":41,"column":53}}]},"5":{"line":45,"type":"if","locations":[{"start":{"line":45,"column":8},"end":{"line":45,"column":8}},{"start":{"line":45,"column":8},"end":{"line":45,"column":8}}]}},"code":["/* istanbul instrument in package npmtest_node_rsa */","/*jslint","    bitwise: true,","    browser: true,","    maxerr: 8,","    maxlen: 96,","    node: true,","    nomen: true,","    regexp: true,","    stupid: true","*/","(function () {","    'use strict';","    var local;","","","","    // run shared js-env code - pre-init","    (function () {","        // init local","        local = {};","        // init modeJs","        local.modeJs = (function () {","            try {","                return typeof navigator.userAgent === 'string' &&","                    typeof document.querySelector('body') === 'object' &&","                    typeof XMLHttpRequest.prototype.open === 'function' &&","                    'browser';","            } catch (errorCaughtBrowser) {","                return module.exports &&","                    typeof process.versions.node === 'string' &&","                    typeof require('http').createServer === 'function' &&","                    'node';","            }","        }());","        // init global","        local.global = local.modeJs === 'browser'","            ? window","            : global;","        // init utility2_rollup","        local = local.global.utility2_rollup || local;","        // init lib","        local.local = local.npmtest_node_rsa = local;","        // init exports","        if (local.modeJs === 'browser') {","            local.global.utility2_npmtest_node_rsa = local;","        } else {","            module.exports = local;","            module.exports.__dirname = __dirname;","            module.exports.module = module;","        }","    }());","}());",""],"l":{"12":2,"14":2,"19":2,"21":2,"23":2,"24":2,"25":2,"30":1,"37":2,"41":2,"43":2,"45":2,"46":1,"48":1,"49":1,"50":1}},"/home/travis/build/npmtest/node-npmtest-node-rsa/example.js":{"path":"/home/travis/build/npmtest/node-npmtest-node-rsa/example.js","s":{"1":2,"2":2,"3":2,"4":2,"5":2,"6":2,"7":2,"8":1,"9":2,"10":2,"11":2,"12":2,"13":1,"14":2,"15":2,"16":2,"17":2,"18":2,"19":0,"20":2,"21":1,"22":1,"23":1,"24":1,"25":1,"26":0,"27":0,"28":1,"29":1,"30":2,"31":0,"32":0,"33":0,"34":1,"35":2,"36":2,"37":3,"38":3,"39":3,"40":3,"41":0,"42":3,"43":3,"44":3,"45":1,"46":3,"47":1,"48":1,"49":1,"50":1,"51":1,"52":1,"53":1,"54":1,"55":1,"56":1,"57":0,"58":1,"59":6,"60":6,"61":1,"62":2,"63":0,"64":2,"65":1,"66":1,"67":0,"68":0,"69":0,"70":0,"71":0,"72":0,"73":0,"74":0,"75":0,"76":0,"77":0,"78":0,"79":0,"80":0,"81":0,"82":0,"83":0},"b":{"1":[2,1,1,1],"2":[1,1,1,1],"3":[1,1],"4":[2,2],"5":[1,1],"6":[1,1],"7":[2,0],"8":[2,1,1,1,1,1],"9":[0,2,0],"10":[1,1],"11":[2,1,1],"12":[1,0],"13":[0,2],"14":[2,0,0,0,0,0,0],"15":[0,3],"16":[3,0],"17":[1,1],"18":[0,1],"19":[1,2,0,2],"20":[1,0],"21":[1,1],"22":[0,0],"23":[0,0],"24":[0,0],"25":[0,0],"26":[0,0],"27":[0,0],"28":[0,0]},"f":{"1":2,"2":2,"3":2,"4":2,"5":2,"6":2,"7":3,"8":3,"9":3,"10":1,"11":6,"12":0},"fnMap":{"1":{"name":"(anonymous_1)","line":26,"loc":{"start":{"line":26,"column":1},"end":{"line":26,"column":13}}},"2":{"name":"(anonymous_2)","line":33,"loc":{"start":{"line":33,"column":5},"end":{"line":33,"column":17}}},"3":{"name":"(anonymous_3)","line":37,"loc":{"start":{"line":37,"column":24},"end":{"line":37,"column":36}}},"4":{"name":"(anonymous_4)","line":69,"loc":{"start":{"line":69,"column":31},"end":{"line":69,"column":48}},"skip":true},"5":{"name":"(anonymous_5)","line":78,"loc":{"start":{"line":78,"column":26},"end":{"line":78,"column":45}},"skip":true},"6":{"name":"(anonymous_6)","line":123,"loc":{"start":{"line":123,"column":33},"end":{"line":123,"column":48}},"skip":true},"7":{"name":"(anonymous_7)","line":125,"loc":{"start":{"line":125,"column":27},"end":{"line":125,"column":39}},"skip":true},"8":{"name":"(anonymous_8)","line":133,"loc":{"start":{"line":133,"column":59},"end":{"line":133,"column":74}},"skip":true},"9":{"name":"(anonymous_9)","line":143,"loc":{"start":{"line":143,"column":45},"end":{"line":143,"column":62}},"skip":true},"10":{"name":"(anonymous_10)","line":144,"loc":{"start":{"line":144,"column":73},"end":{"line":144,"column":92}},"skip":true},"11":{"name":"(anonymous_11)","line":272,"loc":{"start":{"line":272,"column":51},"end":{"line":272,"column":77}},"skip":true},"12":{"name":"(anonymous_12)","line":315,"loc":{"start":{"line":315,"column":32},"end":{"line":315,"column":61}},"skip":true}},"statementMap":{"1":{"start":{"line":26,"column":0},"end":{"line":326,"column":5}},"2":{"start":{"line":28,"column":4},"end":{"line":28,"column":14}},"3":{"start":{"line":33,"column":4},"end":{"line":60,"column":9}},"4":{"start":{"line":35,"column":8},"end":{"line":35,"column":19}},"5":{"start":{"line":37,"column":8},"end":{"line":49,"column":13}},"6":{"start":{"line":38,"column":12},"end":{"line":48,"column":13}},"7":{"start":{"line":39,"column":16},"end":{"line":42,"column":30}},"8":{"start":{"line":44,"column":16},"end":{"line":47,"column":27}},"9":{"start":{"line":51,"column":8},"end":{"line":53,"column":21}},"10":{"start":{"line":55,"column":8},"end":{"line":57,"column":45}},"11":{"start":{"line":59,"column":8},"end":{"line":59,"column":35}},"12":{"start":{"line":61,"column":4},"end":{"line":325,"column":5}},"13":{"start":{"line":69,"column":8},"end":{"line":121,"column":10},"skip":true},"14":{"start":{"line":70,"column":12},"end":{"line":88,"column":13},"skip":true},"15":{"start":{"line":76,"column":16},"end":{"line":87,"column":19},"skip":true},"16":{"start":{"line":79,"column":20},"end":{"line":86,"column":21},"skip":true},"17":{"start":{"line":82,"column":24},"end":{"line":82,"column":43},"skip":true},"18":{"start":{"line":83,"column":24},"end":{"line":83,"column":30},"skip":true},"19":{"start":{"line":85,"column":24},"end":{"line":85,"column":49},"skip":true},"20":{"start":{"line":89,"column":12},"end":{"line":107,"column":13},"skip":true},"21":{"start":{"line":92,"column":16},"end":{"line":102,"column":17},"skip":true},"22":{"start":{"line":93,"column":20},"end":{"line":93,"column":86},"skip":true},"23":{"start":{"line":94,"column":20},"end":{"line":95,"column":45},"skip":true},"24":{"start":{"line":96,"column":20},"end":{"line":96,"column":42},"skip":true},"25":{"start":{"line":97,"column":20},"end":{"line":97,"column":48},"skip":true},"26":{"start":{"line":100,"column":20},"end":{"line":100,"column":85},"skip":true},"27":{"start":{"line":101,"column":20},"end":{"line":101,"column":96},"skip":true},"28":{"start":{"line":103,"column":16},"end":{"line":103,"column":22},"skip":true},"29":{"start":{"line":106,"column":16},"end":{"line":106,"column":22},"skip":true},"30":{"start":{"line":108,"column":12},"end":{"line":120,"column":13},"skip":true},"31":{"start":{"line":114,"column":16},"end":{"line":119,"column":17},"skip":true},"32":{"start":{"line":116,"column":20},"end":{"line":116,"column":78},"skip":true},"33":{"start":{"line":118,"column":20},"end":{"line":118,"column":47},"skip":true},"34":{"start":{"line":123,"column":8},"end":{"line":141,"column":11},"skip":true},"35":{"start":{"line":124,"column":12},"end":{"line":124,"column":54},"skip":true},"36":{"start":{"line":125,"column":12},"end":{"line":140,"column":14},"skip":true},"37":{"start":{"line":126,"column":16},"end":{"line":126,"column":28},"skip":true},"38":{"start":{"line":127,"column":16},"end":{"line":127,"column":69},"skip":true},"39":{"start":{"line":128,"column":16},"end":{"line":128,"column":75},"skip":true},"40":{"start":{"line":129,"column":16},"end":{"line":131,"column":17},"skip":true},"41":{"start":{"line":130,"column":20},"end":{"line":130,"column":27},"skip":true},"42":{"start":{"line":133,"column":16},"end":{"line":137,"column":36},"skip":true},"43":{"start":{"line":134,"column":20},"end":{"line":136,"column":55},"skip":true},"44":{"start":{"line":139,"column":16},"end":{"line":139,"column":57},"skip":true},"45":{"start":{"line":143,"column":8},"end":{"line":147,"column":11},"skip":true},"46":{"start":{"line":144,"column":12},"end":{"line":146,"column":15},"skip":true},"47":{"start":{"line":145,"column":16},"end":{"line":145,"column":70},"skip":true},"48":{"start":{"line":149,"column":8},"end":{"line":149,"column":31},"skip":true},"49":{"start":{"line":150,"column":8},"end":{"line":150,"column":14},"skip":true},"50":{"start":{"line":158,"column":8},"end":{"line":158,"column":31},"skip":true},"51":{"start":{"line":160,"column":8},"end":{"line":160,"column":33},"skip":true},"52":{"start":{"line":161,"column":8},"end":{"line":161,"column":37},"skip":true},"53":{"start":{"line":162,"column":8},"end":{"line":162,"column":35},"skip":true},"54":{"start":{"line":164,"column":8},"end":{"line":164,"column":50},"skip":true},"55":{"start":{"line":166,"column":8},"end":{"line":256,"column":2},"skip":true},"56":{"start":{"line":258,"column":8},"end":{"line":286,"column":9},"skip":true},"57":{"start":{"line":259,"column":12},"end":{"line":269,"column":14},"skip":true},"58":{"start":{"line":271,"column":12},"end":{"line":285,"column":19},"skip":true},"59":{"start":{"line":274,"column":20},"end":{"line":274,"column":35},"skip":true},"60":{"start":{"line":275,"column":20},"end":{"line":284,"column":21},"skip":true},"61":{"start":{"line":277,"column":24},"end":{"line":277,"column":64},"skip":true},"62":{"start":{"line":279,"column":24},"end":{"line":279,"column":40},"skip":true},"63":{"start":{"line":281,"column":24},"end":{"line":281,"column":40},"skip":true},"64":{"start":{"line":283,"column":24},"end":{"line":283,"column":39},"skip":true},"65":{"start":{"line":288,"column":8},"end":{"line":290,"column":9},"skip":true},"66":{"start":{"line":289,"column":12},"end":{"line":289,"column":18},"skip":true},"67":{"start":{"line":291,"column":8},"end":{"line":293,"column":54},"skip":true},"68":{"start":{"line":296,"column":8},"end":{"line":301,"column":37},"skip":true},"69":{"start":{"line":303,"column":8},"end":{"line":303,"column":82},"skip":true},"70":{"start":{"line":306,"column":8},"end":{"line":308,"column":9},"skip":true},"71":{"start":{"line":307,"column":12},"end":{"line":307,"column":82},"skip":true},"72":{"start":{"line":310,"column":8},"end":{"line":312,"column":9},"skip":true},"73":{"start":{"line":311,"column":12},"end":{"line":311,"column":18},"skip":true},"74":{"start":{"line":313,"column":8},"end":{"line":313,"column":54},"skip":true},"75":{"start":{"line":314,"column":8},"end":{"line":314,"column":69},"skip":true},"76":{"start":{"line":315,"column":8},"end":{"line":323,"column":36},"skip":true},"77":{"start":{"line":316,"column":12},"end":{"line":316,"column":61},"skip":true},"78":{"start":{"line":317,"column":12},"end":{"line":320,"column":13},"skip":true},"79":{"start":{"line":318,"column":16},"end":{"line":318,"column":75},"skip":true},"80":{"start":{"line":319,"column":16},"end":{"line":319,"column":23},"skip":true},"81":{"start":{"line":321,"column":12},"end":{"line":321,"column":38},"skip":true},"82":{"start":{"line":322,"column":12},"end":{"line":322,"column":27},"skip":true},"83":{"start":{"line":324,"column":8},"end":{"line":324,"column":14},"skip":true}},"branchMap":{"1":{"line":39,"type":"binary-expr","locations":[{"start":{"line":39,"column":23},"end":{"line":39,"column":62}},{"start":{"line":40,"column":20},"end":{"line":40,"column":70}},{"start":{"line":41,"column":20},"end":{"line":41,"column":71}},{"start":{"line":42,"column":20},"end":{"line":42,"column":29}}]},"2":{"line":44,"type":"binary-expr","locations":[{"start":{"line":44,"column":23},"end":{"line":44,"column":37}},{"start":{"line":45,"column":20},"end":{"line":45,"column":61}},{"start":{"line":46,"column":20},"end":{"line":46,"column":70}},{"start":{"line":47,"column":20},"end":{"line":47,"column":26}}]},"3":{"line":51,"type":"cond-expr","locations":[{"start":{"line":52,"column":14},"end":{"line":52,"column":20}},{"start":{"line":53,"column":14},"end":{"line":53,"column":20}}]},"4":{"line":55,"type":"binary-expr","locations":[{"start":{"line":55,"column":16},"end":{"line":55,"column":44}},{"start":{"line":55,"column":49},"end":{"line":57,"column":43}}]},"5":{"line":55,"type":"cond-expr","locations":[{"start":{"line":56,"column":14},"end":{"line":56,"column":52}},{"start":{"line":57,"column":14},"end":{"line":57,"column":43}}]},"6":{"line":61,"type":"switch","locations":[{"start":{"line":68,"column":4},"end":{"line":150,"column":14},"skip":true},{"start":{"line":156,"column":4},"end":{"line":324,"column":14},"skip":true}]},"7":{"line":70,"type":"if","locations":[{"start":{"line":70,"column":12},"end":{"line":70,"column":12},"skip":true},{"start":{"line":70,"column":12},"end":{"line":70,"column":12},"skip":true}]},"8":{"line":70,"type":"binary-expr","locations":[{"start":{"line":70,"column":16},"end":{"line":70,"column":22},"skip":true},{"start":{"line":70,"column":27},"end":{"line":70,"column":32},"skip":true},{"start":{"line":71,"column":20},"end":{"line":71,"column":39},"skip":true},{"start":{"line":72,"column":20},"end":{"line":72,"column":49},"skip":true},{"start":{"line":73,"column":20},"end":{"line":73,"column":58},"skip":true},{"start":{"line":74,"column":20},"end":{"line":74,"column":69},"skip":true}]},"9":{"line":79,"type":"switch","locations":[{"start":{"line":80,"column":20},"end":{"line":80,"column":33},"skip":true},{"start":{"line":81,"column":20},"end":{"line":83,"column":30},"skip":true},{"start":{"line":84,"column":20},"end":{"line":85,"column":49},"skip":true}]},"10":{"line":89,"type":"switch","locations":[{"start":{"line":90,"column":12},"end":{"line":103,"column":22},"skip":true},{"start":{"line":105,"column":12},"end":{"line":106,"column":22},"skip":true}]},"11":{"line":89,"type":"binary-expr","locations":[{"start":{"line":89,"column":20},"end":{"line":89,"column":25},"skip":true},{"start":{"line":89,"column":29},"end":{"line":89,"column":48},"skip":true},{"start":{"line":89,"column":52},"end":{"line":89,"column":74},"skip":true}]},"12":{"line":92,"type":"if","locations":[{"start":{"line":92,"column":16},"end":{"line":92,"column":16},"skip":true},{"start":{"line":92,"column":16},"end":{"line":92,"column":16},"skip":true}]},"13":{"line":108,"type":"if","locations":[{"start":{"line":108,"column":12},"end":{"line":108,"column":12},"skip":true},{"start":{"line":108,"column":12},"end":{"line":108,"column":12},"skip":true}]},"14":{"line":108,"type":"binary-expr","locations":[{"start":{"line":108,"column":16},"end":{"line":108,"column":61},"skip":true},{"start":{"line":108,"column":66},"end":{"line":108,"column":72},"skip":true},{"start":{"line":108,"column":77},"end":{"line":108,"column":82},"skip":true},{"start":{"line":109,"column":20},"end":{"line":109,"column":39},"skip":true},{"start":{"line":110,"column":20},"end":{"line":110,"column":49},"skip":true},{"start":{"line":111,"column":20},"end":{"line":111,"column":58},"skip":true},{"start":{"line":112,"column":20},"end":{"line":112,"column":68},"skip":true}]},"15":{"line":129,"type":"if","locations":[{"start":{"line":129,"column":16},"end":{"line":129,"column":16},"skip":true},{"start":{"line":129,"column":16},"end":{"line":129,"column":16},"skip":true}]},"16":{"line":134,"type":"cond-expr","locations":[{"start":{"line":135,"column":26},"end":{"line":135,"column":29},"skip":true},{"start":{"line":136,"column":26},"end":{"line":136,"column":54},"skip":true}]},"17":{"line":164,"type":"binary-expr","locations":[{"start":{"line":164,"column":27},"end":{"line":164,"column":43},"skip":true},{"start":{"line":164,"column":47},"end":{"line":164,"column":49},"skip":true}]},"18":{"line":258,"type":"if","locations":[{"start":{"line":258,"column":8},"end":{"line":258,"column":8},"skip":true},{"start":{"line":258,"column":8},"end":{"line":258,"column":8},"skip":true}]},"19":{"line":275,"type":"switch","locations":[{"start":{"line":276,"column":20},"end":{"line":277,"column":64},"skip":true},{"start":{"line":278,"column":20},"end":{"line":279,"column":40},"skip":true},{"start":{"line":280,"column":20},"end":{"line":281,"column":40},"skip":true},{"start":{"line":282,"column":20},"end":{"line":283,"column":39},"skip":true}]},"20":{"line":288,"type":"if","locations":[{"start":{"line":288,"column":8},"end":{"line":288,"column":8},"skip":true},{"start":{"line":288,"column":8},"end":{"line":288,"column":8},"skip":true}]},"21":{"line":288,"type":"binary-expr","locations":[{"start":{"line":288,"column":12},"end":{"line":288,"column":40},"skip":true},{"start":{"line":288,"column":44},"end":{"line":288,"column":67},"skip":true}]},"22":{"line":292,"type":"binary-expr","locations":[{"start":{"line":292,"column":12},"end":{"line":292,"column":50},"skip":true},{"start":{"line":293,"column":12},"end":{"line":293,"column":53},"skip":true}]},"23":{"line":297,"type":"binary-expr","locations":[{"start":{"line":297,"column":12},"end":{"line":297,"column":66},"skip":true},{"start":{"line":298,"column":12},"end":{"line":301,"column":36},"skip":true}]},"24":{"line":303,"type":"binary-expr","locations":[{"start":{"line":303,"column":43},"end":{"line":303,"column":75},"skip":true},{"start":{"line":303,"column":79},"end":{"line":303,"column":81},"skip":true}]},"25":{"line":306,"type":"if","locations":[{"start":{"line":306,"column":8},"end":{"line":306,"column":8},"skip":true},{"start":{"line":306,"column":8},"end":{"line":306,"column":8},"skip":true}]},"26":{"line":310,"type":"if","locations":[{"start":{"line":310,"column":8},"end":{"line":310,"column":8},"skip":true},{"start":{"line":310,"column":8},"end":{"line":310,"column":8},"skip":true}]},"27":{"line":313,"type":"binary-expr","locations":[{"start":{"line":313,"column":27},"end":{"line":313,"column":43},"skip":true},{"start":{"line":313,"column":47},"end":{"line":313,"column":53},"skip":true}]},"28":{"line":317,"type":"if","locations":[{"start":{"line":317,"column":12},"end":{"line":317,"column":12},"skip":true},{"start":{"line":317,"column":12},"end":{"line":317,"column":12},"skip":true}]}},"code":["/*","example.js","","quickstart example","","instruction","    1. save this script as example.js","    2. run the shell command:","        $ npm install npmtest-node-rsa && PORT=8081 node example.js","    3. play with the browser-demo on http://127.0.0.1:8081","*/","","","","/* istanbul instrument in package npmtest_node_rsa */","/*jslint","    bitwise: true,","    browser: true,","    maxerr: 8,","    maxlen: 96,","    node: true,","    nomen: true,","    regexp: true,","    stupid: true","*/","(function () {","    'use strict';","    var local;","","","","    // run shared js-env code - pre-init","    (function () {","        // init local","        local = {};","        // init modeJs","        local.modeJs = (function () {","            try {","                return typeof navigator.userAgent === 'string' &&","                    typeof document.querySelector('body') === 'object' &&","                    typeof XMLHttpRequest.prototype.open === 'function' &&","                    'browser';","            } catch (errorCaughtBrowser) {","                return module.exports &&","                    typeof process.versions.node === 'string' &&","                    typeof require('http').createServer === 'function' &&","                    'node';","            }","        }());","        // init global","        local.global = local.modeJs === 'browser'","            ? window","            : global;","        // init utility2_rollup","        local = local.global.utility2_rollup || (local.modeJs === 'browser'","            ? local.global.utility2_npmtest_node_rsa","            : global.utility2_moduleExports);","        // export local","        local.global.local = local;","    }());","    switch (local.modeJs) {","","","","    // post-init","    // run browser js-env code - post-init","    /* istanbul ignore next */","    case 'browser':","        local.testRunBrowser = function (event) {","            if (!event || (event &&","                    event.currentTarget &&","                    event.currentTarget.className &&","                    event.currentTarget.className.includes &&","                    event.currentTarget.className.includes('onreset'))) {","                // reset output","                Array.from(","                    document.querySelectorAll('body > .resettable')","                ).forEach(function (element) {","                    switch (element.tagName) {","                    case 'INPUT':","                    case 'TEXTAREA':","                        element.value = '';","                        break;","                    default:","                        element.textContent = '';","                    }","                });","            }","            switch (event && event.currentTarget && event.currentTarget.id) {","            case 'testRunButton1':","                // show tests","                if (document.querySelector('#testReportDiv1').style.display === 'none') {","                    document.querySelector('#testReportDiv1').style.display = 'block';","                    document.querySelector('#testRunButton1').textContent =","                        'hide internal test';","                    local.modeTest = true;","                    local.testRunDefault(local);","                // hide tests","                } else {","                    document.querySelector('#testReportDiv1').style.display = 'none';","                    document.querySelector('#testRunButton1').textContent = 'run internal test';","                }","                break;","            // custom-case","            default:","                break;","            }","            if (document.querySelector('#inputTextareaEval1') && (!event || (event &&","                    event.currentTarget &&","                    event.currentTarget.className &&","                    event.currentTarget.className.includes &&","                    event.currentTarget.className.includes('oneval')))) {","                // try to eval input-code","                try {","                    /*jslint evil: true*/","                    eval(document.querySelector('#inputTextareaEval1').value);","                } catch (errorCaught) {","                    console.error(errorCaught);","                }","            }","        };","        // log stderr and stdout to #outputTextareaStdout1","        ['error', 'log'].forEach(function (key) {","            console[key + '_original'] = console[key];","            console[key] = function () {","                var element;","                console[key + '_original'].apply(console, arguments);","                element = document.querySelector('#outputTextareaStdout1');","                if (!element) {","                    return;","                }","                // append text to #outputTextareaStdout1","                element.value += Array.from(arguments).map(function (arg) {","                    return typeof arg === 'string'","                        ? arg","                        : JSON.stringify(arg, null, 4);","                }).join(' ') + '\\n';","                // scroll textarea to bottom","                element.scrollTop = element.scrollHeight;","            };","        });","        // init event-handling","        ['change', 'click', 'keyup'].forEach(function (event) {","            Array.from(document.querySelectorAll('.on' + event)).forEach(function (element) {","                element.addEventListener(event, local.testRunBrowser);","            });","        });","        // run tests","        local.testRunBrowser();","        break;","","","","    // run node js-env code - post-init","    /* istanbul ignore next */","    case 'node':","        // export local","        module.exports = local;","        // require modules","        local.fs = require('fs');","        local.http = require('http');","        local.url = require('url');","        // init assets","        local.assetsDict = local.assetsDict || {};","        /* jslint-ignore-begin */","        local.assetsDict['/assets.index.template.html'] = '\\","<!doctype html>\\n\\","<html lang=\"en\">\\n\\","<head>\\n\\","<meta charset=\"UTF-8\">\\n\\","<meta name=\"viewport\" content=\"width=device-width, initial-scale=1\">\\n\\","<title>{{env.npm_package_name}} (v{{env.npm_package_version}})</title>\\n\\","<style>\\n\\","/*csslint\\n\\","    box-sizing: false,\\n\\","    universal-selector: false\\n\\","*/\\n\\","* {\\n\\","    box-sizing: border-box;\\n\\","}\\n\\","body {\\n\\","    background: #dde;\\n\\","    font-family: Arial, Helvetica, sans-serif;\\n\\","    margin: 2rem;\\n\\","}\\n\\","body > * {\\n\\","    margin-bottom: 1rem;\\n\\","}\\n\\",".utility2FooterDiv {\\n\\","    margin-top: 20px;\\n\\","    text-align: center;\\n\\","}\\n\\","</style>\\n\\","<style>\\n\\","/*csslint\\n\\","*/\\n\\","textarea {\\n\\","    font-family: monospace;\\n\\","    height: 10rem;\\n\\","    width: 100%;\\n\\","}\\n\\","textarea[readonly] {\\n\\","    background: #ddd;\\n\\","}\\n\\","</style>\\n\\","</head>\\n\\","<body>\\n\\","<!-- utility2-comment\\n\\","<div id=\"ajaxProgressDiv1\" style=\"background: #d00; height: 2px; left: 0; margin: 0; padding: 0; position: fixed; top: 0; transition: background 0.5s, width 1.5s; width: 25%;\"></div>\\n\\","utility2-comment -->\\n\\","<h1>\\n\\","<!-- utility2-comment\\n\\","    <a\\n\\","        {{#if env.npm_package_homepage}}\\n\\","        href=\"{{env.npm_package_homepage}}\"\\n\\","        {{/if env.npm_package_homepage}}\\n\\","        target=\"_blank\"\\n\\","    >\\n\\","utility2-comment -->\\n\\","        {{env.npm_package_name}} (v{{env.npm_package_version}})\\n\\","<!-- utility2-comment\\n\\","    </a>\\n\\","utility2-comment -->\\n\\","</h1>\\n\\","<h3>{{env.npm_package_description}}</h3>\\n\\","<!-- utility2-comment\\n\\","<h4><a download href=\"assets.app.js\">download standalone app</a></h4>\\n\\","<button class=\"onclick onreset\" id=\"testRunButton1\">run internal test</button><br>\\n\\","<div id=\"testReportDiv1\" style=\"display: none;\"></div>\\n\\","utility2-comment -->\\n\\","\\n\\","\\n\\","\\n\\","<label>stderr and stdout</label>\\n\\","<textarea class=\"resettable\" id=\"outputTextareaStdout1\" readonly></textarea>\\n\\","<!-- utility2-comment\\n\\","{{#if isRollup}}\\n\\","<script src=\"assets.app.js\"></script>\\n\\","{{#unless isRollup}}\\n\\","utility2-comment -->\\n\\","<script src=\"assets.utility2.rollup.js\"></script>\\n\\","<script src=\"jsonp.utility2._stateInit?callback=window.utility2._stateInit\"></script>\\n\\","<script src=\"assets.npmtest_node_rsa.rollup.js\"></script>\\n\\","<script src=\"assets.example.js\"></script>\\n\\","<script src=\"assets.test.js\"></script>\\n\\","<!-- utility2-comment\\n\\","{{/if isRollup}}\\n\\","utility2-comment -->\\n\\","<div class=\"utility2FooterDiv\">\\n\\","    [ this app was created with\\n\\","    <a href=\"https://github.com/kaizhu256/node-utility2\" target=\"_blank\">utility2</a>\\n\\","    ]\\n\\","</div>\\n\\","</body>\\n\\","</html>\\n\\","';","        /* jslint-ignore-end */","        if (local.templateRender) {","            local.assetsDict['/'] = local.templateRender(","                local.assetsDict['/assets.index.template.html'],","                {","                    env: local.objectSetDefault(local.env, {","                        npm_package_description: 'the greatest app in the world!',","                        npm_package_name: 'my-app',","                        npm_package_nameAlias: 'my_app',","                        npm_package_version: '0.0.1'","                    })","                }","            );","        } else {","            local.assetsDict['/'] = local.assetsDict['/assets.index.template.html']","                .replace((/\\{\\{env\\.(\\w+?)\\}\\}/g), function (match0, match1) {","                    // jslint-hack","                    String(match0);","                    switch (match1) {","                    case 'npm_package_description':","                        return 'the greatest app in the world!';","                    case 'npm_package_name':","                        return 'my-app';","                    case 'npm_package_nameAlias':","                        return 'my_app';","                    case 'npm_package_version':","                        return '0.0.1';","                    }","                });","        }","        // run the cli","        if (local.global.utility2_rollup || module !== require.main) {","            break;","        }","        local.assetsDict['/assets.example.js'] =","            local.assetsDict['/assets.example.js'] ||","            local.fs.readFileSync(__filename, 'utf8');","        // bug-workaround - long $npm_package_buildCustomOrg","        /* jslint-ignore-begin */","        local.assetsDict['/assets.npmtest_node_rsa.rollup.js'] =","            local.assetsDict['/assets.npmtest_node_rsa.rollup.js'] ||","            local.fs.readFileSync(","                local.npmtest_node_rsa.__dirname + '/lib.npmtest_node_rsa.js',","                'utf8'","            ).replace((/^#!/), '//');","        /* jslint-ignore-end */","        local.assetsDict['/favicon.ico'] = local.assetsDict['/favicon.ico'] || '';","        // if $npm_config_timeout_exit exists,","        // then exit this process after $npm_config_timeout_exit ms","        if (Number(process.env.npm_config_timeout_exit)) {","            setTimeout(process.exit, Number(process.env.npm_config_timeout_exit));","        }","        // start server","        if (local.global.utility2_serverHttp1) {","            break;","        }","        process.env.PORT = process.env.PORT || '8081';","        console.error('server starting on port ' + process.env.PORT);","        local.http.createServer(function (request, response) {","            request.urlParsed = local.url.parse(request.url);","            if (local.assetsDict[request.urlParsed.pathname] !== undefined) {","                response.end(local.assetsDict[request.urlParsed.pathname]);","                return;","            }","            response.statusCode = 404;","            response.end();","        }).listen(process.env.PORT);","        break;","    }","}());",""],"l":{"26":2,"28":2,"33":2,"35":2,"37":2,"38":2,"39":2,"44":1,"51":2,"55":2,"59":2,"61":2,"69":1,"70":2,"76":2,"79":2,"82":2,"83":2,"85":1,"89":2,"92":1,"93":1,"94":1,"96":1,"97":1,"100":1,"101":1,"103":1,"106":1,"108":2,"114":1,"116":1,"118":1,"123":1,"124":2,"125":2,"126":3,"127":3,"128":3,"129":3,"130":1,"133":3,"134":3,"139":3,"143":1,"144":3,"145":1,"149":1,"150":1,"158":1,"160":1,"161":1,"162":1,"164":1,"166":1,"258":1,"259":1,"271":1,"274":6,"275":6,"277":1,"279":2,"281":1,"283":2,"288":1,"289":1,"291":1,"296":1,"303":1,"306":1,"307":1,"310":1,"311":1,"313":1,"314":1,"315":1,"316":1,"317":1,"318":1,"319":1,"321":1,"322":1,"324":1}},"/home/travis/build/npmtest/node-npmtest-node-rsa/node_modules/node-rsa/src/NodeRSA.js":{"path":"/home/travis/build/npmtest/node-npmtest-node-rsa/node_modules/node-rsa/src/NodeRSA.js","s":{"1":1,"2":1,"3":1,"4":1,"5":1,"6":1,"7":1,"8":1,"9":1,"10":0,"11":1,"12":1,"13":1,"14":1,"15":1,"16":1,"17":1,"18":0,"19":0,"20":0,"21":0,"22":0,"23":0,"24":0,"25":0,"26":0,"27":0,"28":0,"29":0,"30":0,"31":1,"32":0,"33":0,"34":0,"35":0,"36":0,"37":0,"38":0,"39":0,"40":0,"41":0,"42":0,"43":0,"44":0,"45":0,"46":0,"47":0,"48":0,"49":0,"50":0,"51":0,"52":0,"53":0,"54":0,"55":0,"56":0,"57":0,"58":0,"59":0,"60":0,"61":0,"62":0,"63":0,"64":0,"65":1,"66":0,"67":0,"68":0,"69":0,"70":0,"71":0,"72":0,"73":1,"74":0,"75":0,"76":0,"77":0,"78":0,"79":0,"80":0,"81":1,"82":0,"83":0,"84":0,"85":0,"86":0,"87":1,"88":0,"89":1,"90":0,"91":1,"92":0,"93":1,"94":0,"95":1,"96":0,"97":1,"98":0,"99":1,"100":0,"101":1,"102":0,"103":0,"104":0,"105":0,"106":0,"107":0,"108":1,"109":0,"110":0,"111":0,"112":0,"113":0,"114":0,"115":0,"116":1,"117":0,"118":0,"119":0,"120":0,"121":0,"122":0,"123":1,"124":0,"125":0,"126":0,"127":0,"128":1,"129":0,"130":1,"131":0,"132":1,"133":0,"134":0,"135":0,"136":0,"137":0,"138":0,"139":0,"140":1,"141":0,"142":0,"143":0,"144":0,"145":0,"146":0,"147":1},"b":{"1":[0,1],"2":[0,0],"3":[0,0],"4":[0,0],"5":[0,0],"6":[0,0],"7":[0,0],"8":[0,0],"9":[0,0],"10":[0,0],"11":[0,0],"12":[0,0],"13":[0,0],"14":[0,0],"15":[0,0],"16":[0,0],"17":[0,0],"18":[0,0],"19":[0,0],"20":[0,0],"21":[0,0],"22":[0,0],"23":[0,0],"24":[0,0],"25":[0,0],"26":[0,0],"27":[0,0],"28":[0,0],"29":[0,0],"30":[0,0],"31":[0,0],"32":[0,0],"33":[0,0],"34":[0,0],"35":[0,0],"36":[0,0,0],"37":[0,0],"38":[0,0],"39":[0,0],"40":[0,0],"41":[0,0],"42":[0,0],"43":[0,0],"44":[0,0],"45":[0,0],"46":[0,0],"47":[0,0],"48":[0,0],"49":[0,0],"50":[0,0],"51":[0,0],"52":[0,0],"53":[0,0],"54":[0,0]},"f":{"1":1,"2":0,"3":0,"4":0,"5":0,"6":0,"7":0,"8":0,"9":0,"10":0,"11":0,"12":0,"13":0,"14":0,"15":0,"16":0,"17":0,"18":0,"19":0,"20":0,"21":0},"fnMap":{"1":{"name":"(anonymous_1)","line":24,"loc":{"start":{"line":24,"column":18},"end":{"line":24,"column":30}}},"2":{"name":"NodeRSA","line":47,"loc":{"start":{"line":47,"column":4},"end":{"line":47,"column":43}}},"3":{"name":"(anonymous_3)","line":87,"loc":{"start":{"line":87,"column":35},"end":{"line":87,"column":54}}},"4":{"name":"(anonymous_4)","line":158,"loc":{"start":{"line":158,"column":40},"end":{"line":158,"column":61}}},"5":{"name":"(anonymous_5)","line":176,"loc":{"start":{"line":176,"column":34},"end":{"line":176,"column":61}}},"6":{"name":"(anonymous_6)","line":196,"loc":{"start":{"line":196,"column":34},"end":{"line":196,"column":52}}},"7":{"name":"(anonymous_7)","line":210,"loc":{"start":{"line":210,"column":34},"end":{"line":210,"column":46}}},"8":{"name":"(anonymous_8)","line":218,"loc":{"start":{"line":218,"column":33},"end":{"line":218,"column":51}}},"9":{"name":"(anonymous_9)","line":225,"loc":{"start":{"line":225,"column":32},"end":{"line":225,"column":50}}},"10":{"name":"(anonymous_10)","line":237,"loc":{"start":{"line":237,"column":32},"end":{"line":237,"column":77}}},"11":{"name":"(anonymous_11)","line":248,"loc":{"start":{"line":248,"column":32},"end":{"line":248,"column":60}}},"12":{"name":"(anonymous_12)","line":257,"loc":{"start":{"line":257,"column":39},"end":{"line":257,"column":84}}},"13":{"name":"(anonymous_13)","line":266,"loc":{"start":{"line":266,"column":38},"end":{"line":266,"column":66}}},"14":{"name":"(anonymous_14)","line":273,"loc":{"start":{"line":273,"column":37},"end":{"line":273,"column":94}}},"15":{"name":"(anonymous_15)","line":290,"loc":{"start":{"line":290,"column":37},"end":{"line":290,"column":76}}},"16":{"name":"(anonymous_16)","line":313,"loc":{"start":{"line":313,"column":29},"end":{"line":313,"column":74}}},"17":{"name":"(anonymous_17)","line":336,"loc":{"start":{"line":336,"column":31},"end":{"line":336,"column":97}}},"18":{"name":"(anonymous_18)","line":348,"loc":{"start":{"line":348,"column":35},"end":{"line":348,"column":47}}},"19":{"name":"(anonymous_19)","line":356,"loc":{"start":{"line":356,"column":42},"end":{"line":356,"column":54}}},"20":{"name":"(anonymous_20)","line":367,"loc":{"start":{"line":367,"column":43},"end":{"line":367,"column":71}}},"21":{"name":"(anonymous_21)","line":385,"loc":{"start":{"line":385,"column":42},"end":{"line":385,"column":70}}}},"statementMap":{"1":{"start":{"line":10,"column":0},"end":{"line":10,"column":37}},"2":{"start":{"line":11,"column":0},"end":{"line":11,"column":35}},"3":{"start":{"line":12,"column":0},"end":{"line":12,"column":30}},"4":{"start":{"line":13,"column":0},"end":{"line":13,"column":30}},"5":{"start":{"line":14,"column":0},"end":{"line":14,"column":29}},"6":{"start":{"line":15,"column":0},"end":{"line":15,"column":31}},"7":{"start":{"line":16,"column":0},"end":{"line":16,"column":46}},"8":{"start":{"line":17,"column":0},"end":{"line":17,"column":46}},"9":{"start":{"line":19,"column":0},"end":{"line":22,"column":1}},"10":{"start":{"line":21,"column":4},"end":{"line":21,"column":33}},"11":{"start":{"line":24,"column":0},"end":{"line":398,"column":5}},"12":{"start":{"line":25,"column":4},"end":{"line":30,"column":6}},"13":{"start":{"line":32,"column":4},"end":{"line":32,"column":49}},"14":{"start":{"line":33,"column":4},"end":{"line":33,"column":41}},"15":{"start":{"line":35,"column":4},"end":{"line":35,"column":42}},"16":{"start":{"line":36,"column":4},"end":{"line":41,"column":6}},"17":{"start":{"line":47,"column":4},"end":{"line":81,"column":5}},"18":{"start":{"line":48,"column":8},"end":{"line":50,"column":9}},"19":{"start":{"line":49,"column":12},"end":{"line":49,"column":53}},"20":{"start":{"line":52,"column":8},"end":{"line":55,"column":9}},"21":{"start":{"line":53,"column":12},"end":{"line":53,"column":29}},"22":{"start":{"line":54,"column":12},"end":{"line":54,"column":31}},"23":{"start":{"line":57,"column":8},"end":{"line":70,"column":10}},"24":{"start":{"line":71,"column":8},"end":{"line":71,"column":37}},"25":{"start":{"line":72,"column":8},"end":{"line":72,"column":25}},"26":{"start":{"line":74,"column":8},"end":{"line":78,"column":9}},"27":{"start":{"line":75,"column":12},"end":{"line":75,"column":40}},"28":{"start":{"line":76,"column":15},"end":{"line":78,"column":9}},"29":{"start":{"line":77,"column":12},"end":{"line":77,"column":47}},"30":{"start":{"line":80,"column":8},"end":{"line":80,"column":33}},"31":{"start":{"line":87,"column":4},"end":{"line":149,"column":6}},"32":{"start":{"line":88,"column":8},"end":{"line":88,"column":32}},"33":{"start":{"line":89,"column":8},"end":{"line":91,"column":9}},"34":{"start":{"line":90,"column":12},"end":{"line":90,"column":60}},"35":{"start":{"line":93,"column":8},"end":{"line":127,"column":9}},"36":{"start":{"line":94,"column":12},"end":{"line":117,"column":13}},"37":{"start":{"line":95,"column":16},"end":{"line":95,"column":83}},"38":{"start":{"line":96,"column":16},"end":{"line":113,"column":17}},"39":{"start":{"line":97,"column":20},"end":{"line":107,"column":21}},"40":{"start":{"line":98,"column":24},"end":{"line":100,"column":26}},"41":{"start":{"line":101,"column":24},"end":{"line":101,"column":77}},"42":{"start":{"line":103,"column":24},"end":{"line":103,"column":71}},"43":{"start":{"line":104,"column":24},"end":{"line":106,"column":26}},"44":{"start":{"line":109,"column":20},"end":{"line":111,"column":22}},"45":{"start":{"line":112,"column":20},"end":{"line":112,"column":67}},"46":{"start":{"line":114,"column":19},"end":{"line":117,"column":13}},"47":{"start":{"line":115,"column":16},"end":{"line":115,"column":101}},"48":{"start":{"line":116,"column":16},"end":{"line":116,"column":93}},"49":{"start":{"line":119,"column":12},"end":{"line":121,"column":13}},"50":{"start":{"line":120,"column":16},"end":{"line":120,"column":58}},"51":{"start":{"line":123,"column":12},"end":{"line":126,"column":13}},"52":{"start":{"line":125,"column":16},"end":{"line":125,"column":111}},"53":{"start":{"line":129,"column":8},"end":{"line":146,"column":9}},"54":{"start":{"line":130,"column":12},"end":{"line":136,"column":13}},"55":{"start":{"line":131,"column":16},"end":{"line":131,"column":88}},"56":{"start":{"line":132,"column":16},"end":{"line":132,"column":59}},"57":{"start":{"line":133,"column":19},"end":{"line":136,"column":13}},"58":{"start":{"line":134,"column":16},"end":{"line":134,"column":110}},"59":{"start":{"line":135,"column":16},"end":{"line":135,"column":99}},"60":{"start":{"line":138,"column":12},"end":{"line":140,"column":13}},"61":{"start":{"line":139,"column":16},"end":{"line":139,"column":61}},"62":{"start":{"line":142,"column":12},"end":{"line":145,"column":13}},"63":{"start":{"line":144,"column":16},"end":{"line":144,"column":111}},"64":{"start":{"line":148,"column":8},"end":{"line":148,"column":47}},"65":{"start":{"line":158,"column":4},"end":{"line":169,"column":6}},"66":{"start":{"line":159,"column":8},"end":{"line":159,"column":28}},"67":{"start":{"line":160,"column":8},"end":{"line":160,"column":27}},"68":{"start":{"line":162,"column":8},"end":{"line":164,"column":9}},"69":{"start":{"line":163,"column":12},"end":{"line":163,"column":61}},"70":{"start":{"line":166,"column":8},"end":{"line":166,"column":54}},"71":{"start":{"line":167,"column":8},"end":{"line":167,"column":25}},"72":{"start":{"line":168,"column":8},"end":{"line":168,"column":20}},"73":{"start":{"line":176,"column":4},"end":{"line":190,"column":6}},"74":{"start":{"line":177,"column":8},"end":{"line":179,"column":9}},"75":{"start":{"line":178,"column":12},"end":{"line":178,"column":43}},"76":{"start":{"line":181,"column":8},"end":{"line":183,"column":9}},"77":{"start":{"line":182,"column":12},"end":{"line":182,"column":61}},"78":{"start":{"line":185,"column":8},"end":{"line":187,"column":9}},"79":{"start":{"line":186,"column":12},"end":{"line":186,"column":56}},"80":{"start":{"line":189,"column":8},"end":{"line":189,"column":25}},"81":{"start":{"line":196,"column":4},"end":{"line":205,"column":6}},"82":{"start":{"line":197,"column":8},"end":{"line":197,"column":49}},"83":{"start":{"line":198,"column":8},"end":{"line":198,"column":57}},"84":{"start":{"line":200,"column":8},"end":{"line":202,"column":9}},"85":{"start":{"line":201,"column":12},"end":{"line":201,"column":80}},"86":{"start":{"line":204,"column":8},"end":{"line":204,"column":35}},"87":{"start":{"line":210,"column":4},"end":{"line":212,"column":6}},"88":{"start":{"line":211,"column":8},"end":{"line":211,"column":40}},"89":{"start":{"line":218,"column":4},"end":{"line":220,"column":6}},"90":{"start":{"line":219,"column":8},"end":{"line":219,"column":45}},"91":{"start":{"line":225,"column":4},"end":{"line":227,"column":6}},"92":{"start":{"line":226,"column":8},"end":{"line":226,"column":69}},"93":{"start":{"line":237,"column":4},"end":{"line":239,"column":6}},"94":{"start":{"line":238,"column":8},"end":{"line":238,"column":75}},"95":{"start":{"line":248,"column":4},"end":{"line":250,"column":6}},"96":{"start":{"line":249,"column":8},"end":{"line":249,"column":58}},"97":{"start":{"line":257,"column":4},"end":{"line":259,"column":6}},"98":{"start":{"line":258,"column":8},"end":{"line":258,"column":74}},"99":{"start":{"line":266,"column":4},"end":{"line":268,"column":6}},"100":{"start":{"line":267,"column":8},"end":{"line":267,"column":57}},"101":{"start":{"line":273,"column":4},"end":{"line":285,"column":6}},"102":{"start":{"line":274,"column":8},"end":{"line":284,"column":9}},"103":{"start":{"line":275,"column":12},"end":{"line":275,"column":105}},"104":{"start":{"line":277,"column":12},"end":{"line":281,"column":13}},"105":{"start":{"line":278,"column":16},"end":{"line":278,"column":27}},"106":{"start":{"line":280,"column":16},"end":{"line":280,"column":46}},"107":{"start":{"line":283,"column":12},"end":{"line":283,"column":73}},"108":{"start":{"line":290,"column":4},"end":{"line":303,"column":6}},"109":{"start":{"line":291,"column":8},"end":{"line":302,"column":9}},"110":{"start":{"line":292,"column":12},"end":{"line":292,"column":80}},"111":{"start":{"line":293,"column":12},"end":{"line":293,"column":62}},"112":{"start":{"line":295,"column":12},"end":{"line":297,"column":13}},"113":{"start":{"line":296,"column":16},"end":{"line":296,"column":64}},"114":{"start":{"line":299,"column":12},"end":{"line":299,"column":57}},"115":{"start":{"line":301,"column":12},"end":{"line":301,"column":98}},"116":{"start":{"line":313,"column":4},"end":{"line":325,"column":6}},"117":{"start":{"line":314,"column":8},"end":{"line":316,"column":9}},"118":{"start":{"line":315,"column":12},"end":{"line":315,"column":51}},"119":{"start":{"line":318,"column":8},"end":{"line":318,"column":86}},"120":{"start":{"line":320,"column":8},"end":{"line":322,"column":9}},"121":{"start":{"line":321,"column":12},"end":{"line":321,"column":41}},"122":{"start":{"line":324,"column":8},"end":{"line":324,"column":19}},"123":{"start":{"line":336,"column":4},"end":{"line":342,"column":6}},"124":{"start":{"line":337,"column":8},"end":{"line":339,"column":9}},"125":{"start":{"line":338,"column":12},"end":{"line":338,"column":50}},"126":{"start":{"line":340,"column":8},"end":{"line":340,"column":113}},"127":{"start":{"line":341,"column":8},"end":{"line":341,"column":116}},"128":{"start":{"line":348,"column":4},"end":{"line":350,"column":6}},"129":{"start":{"line":349,"column":8},"end":{"line":349,"column":36}},"130":{"start":{"line":356,"column":4},"end":{"line":358,"column":6}},"131":{"start":{"line":357,"column":8},"end":{"line":357,"column":45}},"132":{"start":{"line":367,"column":4},"end":{"line":377,"column":6}},"133":{"start":{"line":368,"column":8},"end":{"line":376,"column":9}},"134":{"start":{"line":369,"column":12},"end":{"line":369,"column":63}},"135":{"start":{"line":370,"column":15},"end":{"line":376,"column":9}},"136":{"start":{"line":371,"column":12},"end":{"line":371,"column":26}},"137":{"start":{"line":372,"column":15},"end":{"line":376,"column":9}},"138":{"start":{"line":373,"column":12},"end":{"line":373,"column":54}},"139":{"start":{"line":375,"column":12},"end":{"line":375,"column":48}},"140":{"start":{"line":385,"column":4},"end":{"line":395,"column":6}},"141":{"start":{"line":386,"column":8},"end":{"line":386,"column":40}},"142":{"start":{"line":388,"column":8},"end":{"line":394,"column":9}},"143":{"start":{"line":389,"column":12},"end":{"line":389,"column":26}},"144":{"start":{"line":390,"column":15},"end":{"line":394,"column":9}},"145":{"start":{"line":391,"column":12},"end":{"line":391,"column":49}},"146":{"start":{"line":393,"column":12},"end":{"line":393,"column":45}},"147":{"start":{"line":397,"column":4},"end":{"line":397,"column":19}}},"branchMap":{"1":{"line":19,"type":"if","locations":[{"start":{"line":19,"column":0},"end":{"line":19,"column":0}},{"start":{"line":19,"column":0},"end":{"line":19,"column":0}}]},"2":{"line":48,"type":"if","locations":[{"start":{"line":48,"column":8},"end":{"line":48,"column":8}},{"start":{"line":48,"column":8},"end":{"line":48,"column":8}}]},"3":{"line":52,"type":"if","locations":[{"start":{"line":52,"column":8},"end":{"line":52,"column":8}},{"start":{"line":52,"column":8},"end":{"line":52,"column":8}}]},"4":{"line":74,"type":"if","locations":[{"start":{"line":74,"column":8},"end":{"line":74,"column":8}},{"start":{"line":74,"column":8},"end":{"line":74,"column":8}}]},"5":{"line":74,"type":"binary-expr","locations":[{"start":{"line":74,"column":12},"end":{"line":74,"column":32}},{"start":{"line":74,"column":36},"end":{"line":74,"column":51}}]},"6":{"line":76,"type":"if","locations":[{"start":{"line":76,"column":15},"end":{"line":76,"column":15}},{"start":{"line":76,"column":15},"end":{"line":76,"column":15}}]},"7":{"line":88,"type":"binary-expr","locations":[{"start":{"line":88,"column":18},"end":{"line":88,"column":25}},{"start":{"line":88,"column":29},"end":{"line":88,"column":31}}]},"8":{"line":89,"type":"if","locations":[{"start":{"line":89,"column":8},"end":{"line":89,"column":8}},{"start":{"line":89,"column":8},"end":{"line":89,"column":8}}]},"9":{"line":93,"type":"if","locations":[{"start":{"line":93,"column":8},"end":{"line":93,"column":8}},{"start":{"line":93,"column":8},"end":{"line":93,"column":8}}]},"10":{"line":94,"type":"if","locations":[{"start":{"line":94,"column":12},"end":{"line":94,"column":12}},{"start":{"line":94,"column":12},"end":{"line":94,"column":12}}]},"11":{"line":96,"type":"if","locations":[{"start":{"line":96,"column":16},"end":{"line":96,"column":16}},{"start":{"line":96,"column":16},"end":{"line":96,"column":16}}]},"12":{"line":97,"type":"if","locations":[{"start":{"line":97,"column":20},"end":{"line":97,"column":20}},{"start":{"line":97,"column":20},"end":{"line":97,"column":20}}]},"13":{"line":114,"type":"if","locations":[{"start":{"line":114,"column":19},"end":{"line":114,"column":19}},{"start":{"line":114,"column":19},"end":{"line":114,"column":19}}]},"14":{"line":115,"type":"binary-expr","locations":[{"start":{"line":115,"column":46},"end":{"line":115,"column":74}},{"start":{"line":115,"column":78},"end":{"line":115,"column":100}}]},"15":{"line":119,"type":"if","locations":[{"start":{"line":119,"column":12},"end":{"line":119,"column":12}},{"start":{"line":119,"column":12},"end":{"line":119,"column":12}}]},"16":{"line":123,"type":"if","locations":[{"start":{"line":123,"column":12},"end":{"line":123,"column":12}},{"start":{"line":123,"column":12},"end":{"line":123,"column":12}}]},"17":{"line":123,"type":"binary-expr","locations":[{"start":{"line":123,"column":16},"end":{"line":123,"column":55}},{"start":{"line":124,"column":16},"end":{"line":124,"column":124}}]},"18":{"line":129,"type":"if","locations":[{"start":{"line":129,"column":8},"end":{"line":129,"column":8}},{"start":{"line":129,"column":8},"end":{"line":129,"column":8}}]},"19":{"line":130,"type":"if","locations":[{"start":{"line":130,"column":12},"end":{"line":130,"column":12}},{"start":{"line":130,"column":12},"end":{"line":130,"column":12}}]},"20":{"line":133,"type":"if","locations":[{"start":{"line":133,"column":19},"end":{"line":133,"column":19}},{"start":{"line":133,"column":19},"end":{"line":133,"column":19}}]},"21":{"line":134,"type":"binary-expr","locations":[{"start":{"line":134,"column":49},"end":{"line":134,"column":80}},{"start":{"line":134,"column":84},"end":{"line":134,"column":109}}]},"22":{"line":138,"type":"if","locations":[{"start":{"line":138,"column":12},"end":{"line":138,"column":12}},{"start":{"line":138,"column":12},"end":{"line":138,"column":12}}]},"23":{"line":142,"type":"if","locations":[{"start":{"line":142,"column":12},"end":{"line":142,"column":12}},{"start":{"line":142,"column":12},"end":{"line":142,"column":12}}]},"24":{"line":142,"type":"binary-expr","locations":[{"start":{"line":142,"column":16},"end":{"line":142,"column":58}},{"start":{"line":143,"column":16},"end":{"line":143,"column":127}}]},"25":{"line":159,"type":"binary-expr","locations":[{"start":{"line":159,"column":15},"end":{"line":159,"column":19}},{"start":{"line":159,"column":23},"end":{"line":159,"column":27}}]},"26":{"line":160,"type":"binary-expr","locations":[{"start":{"line":160,"column":14},"end":{"line":160,"column":17}},{"start":{"line":160,"column":21},"end":{"line":160,"column":26}}]},"27":{"line":162,"type":"if","locations":[{"start":{"line":162,"column":8},"end":{"line":162,"column":8}},{"start":{"line":162,"column":8},"end":{"line":162,"column":8}}]},"28":{"line":177,"type":"if","locations":[{"start":{"line":177,"column":8},"end":{"line":177,"column":8}},{"start":{"line":177,"column":8},"end":{"line":177,"column":8}}]},"29":{"line":181,"type":"if","locations":[{"start":{"line":181,"column":8},"end":{"line":181,"column":8}},{"start":{"line":181,"column":8},"end":{"line":181,"column":8}}]},"30":{"line":182,"type":"binary-expr","locations":[{"start":{"line":182,"column":21},"end":{"line":182,"column":50}},{"start":{"line":182,"column":54},"end":{"line":182,"column":60}}]},"31":{"line":185,"type":"if","locations":[{"start":{"line":185,"column":8},"end":{"line":185,"column":8}},{"start":{"line":185,"column":8},"end":{"line":185,"column":8}}]},"32":{"line":185,"type":"binary-expr","locations":[{"start":{"line":185,"column":12},"end":{"line":185,"column":67}},{"start":{"line":185,"column":71},"end":{"line":185,"column":91}}]},"33":{"line":197,"type":"binary-expr","locations":[{"start":{"line":197,"column":17},"end":{"line":197,"column":23}},{"start":{"line":197,"column":27},"end":{"line":197,"column":48}}]},"34":{"line":198,"type":"binary-expr","locations":[{"start":{"line":198,"column":17},"end":{"line":198,"column":46}},{"start":{"line":198,"column":50},"end":{"line":198,"column":56}}]},"35":{"line":200,"type":"if","locations":[{"start":{"line":200,"column":8},"end":{"line":200,"column":8}},{"start":{"line":200,"column":8},"end":{"line":200,"column":8}}]},"36":{"line":226,"type":"binary-expr","locations":[{"start":{"line":226,"column":17},"end":{"line":226,"column":31}},{"start":{"line":226,"column":35},"end":{"line":226,"column":49}},{"start":{"line":226,"column":53},"end":{"line":226,"column":67}}]},"37":{"line":277,"type":"if","locations":[{"start":{"line":277,"column":12},"end":{"line":277,"column":12}},{"start":{"line":277,"column":12},"end":{"line":277,"column":12}}]},"38":{"line":277,"type":"binary-expr","locations":[{"start":{"line":277,"column":16},"end":{"line":277,"column":36}},{"start":{"line":277,"column":40},"end":{"line":277,"column":49}}]},"39":{"line":292,"type":"cond-expr","locations":[{"start":{"line":292,"column":42},"end":{"line":292,"column":70}},{"start":{"line":292,"column":73},"end":{"line":292,"column":79}}]},"40":{"line":295,"type":"if","locations":[{"start":{"line":295,"column":12},"end":{"line":295,"column":12}},{"start":{"line":295,"column":12},"end":{"line":295,"column":12}}]},"41":{"line":314,"type":"if","locations":[{"start":{"line":314,"column":8},"end":{"line":314,"column":8}},{"start":{"line":314,"column":8},"end":{"line":314,"column":8}}]},"42":{"line":320,"type":"if","locations":[{"start":{"line":320,"column":8},"end":{"line":320,"column":8}},{"start":{"line":320,"column":8},"end":{"line":320,"column":8}}]},"43":{"line":320,"type":"binary-expr","locations":[{"start":{"line":320,"column":12},"end":{"line":320,"column":20}},{"start":{"line":320,"column":24},"end":{"line":320,"column":44}}]},"44":{"line":337,"type":"if","locations":[{"start":{"line":337,"column":8},"end":{"line":337,"column":8}},{"start":{"line":337,"column":8},"end":{"line":337,"column":8}}]},"45":{"line":340,"type":"cond-expr","locations":[{"start":{"line":340,"column":86},"end":{"line":340,"column":90}},{"start":{"line":340,"column":93},"end":{"line":340,"column":111}}]},"46":{"line":340,"type":"binary-expr","locations":[{"start":{"line":340,"column":30},"end":{"line":340,"column":49}},{"start":{"line":340,"column":53},"end":{"line":340,"column":83}}]},"47":{"line":368,"type":"if","locations":[{"start":{"line":368,"column":8},"end":{"line":368,"column":8}},{"start":{"line":368,"column":8},"end":{"line":368,"column":8}}]},"48":{"line":368,"type":"binary-expr","locations":[{"start":{"line":368,"column":12},"end":{"line":368,"column":30}},{"start":{"line":368,"column":34},"end":{"line":368,"column":52}}]},"49":{"line":369,"type":"binary-expr","locations":[{"start":{"line":369,"column":43},"end":{"line":369,"column":51}},{"start":{"line":369,"column":55},"end":{"line":369,"column":61}}]},"50":{"line":370,"type":"if","locations":[{"start":{"line":370,"column":15},"end":{"line":370,"column":15}},{"start":{"line":370,"column":15},"end":{"line":370,"column":15}}]},"51":{"line":372,"type":"if","locations":[{"start":{"line":372,"column":15},"end":{"line":372,"column":15}},{"start":{"line":372,"column":15},"end":{"line":372,"column":15}}]},"52":{"line":386,"type":"binary-expr","locations":[{"start":{"line":386,"column":19},"end":{"line":386,"column":27}},{"start":{"line":386,"column":31},"end":{"line":386,"column":39}}]},"53":{"line":388,"type":"if","locations":[{"start":{"line":388,"column":8},"end":{"line":388,"column":8}},{"start":{"line":388,"column":8},"end":{"line":388,"column":8}}]},"54":{"line":390,"type":"if","locations":[{"start":{"line":390,"column":15},"end":{"line":390,"column":15}},{"start":{"line":390,"column":15},"end":{"line":390,"column":15}}]}},"code":["/*!"," * RSA library for Node.js"," *"," * Copyright (c) 2014 rzcoder"," * All Rights Reserved."," *"," * License BSD"," */","","var constants = require('constants');","var rsa = require('./libs/rsa.js');","var crypt = require('crypto');","var ber = require('asn1').Ber;","var _ = require('./utils')._;","var utils = require('./utils');","var schemes = require('./schemes/schemes.js');","var formats = require('./formats/formats.js');","","if (typeof constants.RSA_NO_PADDING == \"undefined\") {","    //patch for node v0.10.x, constants do not defined","    constants.RSA_NO_PADDING = 3;","}","","module.exports = (function () {","    var SUPPORTED_HASH_ALGORITHMS = {","        node10: ['md4', 'md5', 'ripemd160', 'sha', 'sha1', 'sha224', 'sha256', 'sha384', 'sha512'],","        node: ['md4', 'md5', 'ripemd160', 'sha', 'sha1', 'sha224', 'sha256', 'sha384', 'sha512'],","        iojs: ['md4', 'md5', 'ripemd160', 'sha', 'sha1', 'sha224', 'sha256', 'sha384', 'sha512'],","        browser: ['md5', 'ripemd160', 'sha1', 'sha256', 'sha512']","    };","","    var DEFAULT_ENCRYPTION_SCHEME = 'pkcs1_oaep';","    var DEFAULT_SIGNING_SCHEME = 'pkcs1';","","    var DEFAULT_EXPORT_FORMAT = 'private';","    var EXPORT_FORMAT_ALIASES = {","        'private': 'pkcs1-private-pem',","        'private-der': 'pkcs1-private-der',","        'public': 'pkcs8-public-pem',","        'public-der': 'pkcs8-public-der',","    };","","    /**","     * @param key {string|buffer|object} Key in PEM format, or data for generate key {b: bits, e: exponent}","     * @constructor","     */","    function NodeRSA(key, format, options) {","        if (!(this instanceof NodeRSA)) {","            return new NodeRSA(key, format, options);","        }","","        if (_.isObject(format)) {","            options = format;","            format = undefined;","        }","","        this.$options = {","            signingScheme: DEFAULT_SIGNING_SCHEME,","            signingSchemeOptions: {","                hash: 'sha256',","                saltLength: null","            },","            encryptionScheme: DEFAULT_ENCRYPTION_SCHEME,","            encryptionSchemeOptions: {","                hash: 'sha1',","                label: null","            },","            environment: utils.detectEnvironment(),","            rsaUtils: this","        };","        this.keyPair = new rsa.Key();","        this.$cache = {};","","        if (Buffer.isBuffer(key) || _.isString(key)) {","            this.importKey(key, format);","        } else if (_.isObject(key)) {","            this.generateKeyPair(key.b, key.e);","        }","","        this.setOptions(options);","    }","","    /**","     * Set and validate options for key instance","     * @param options","     */","    NodeRSA.prototype.setOptions = function (options) {","        options = options || {};","        if (options.environment) {","            this.$options.environment = options.environment;","        }","","        if (options.signingScheme) {","            if (_.isString(options.signingScheme)) {","                var signingScheme = options.signingScheme.toLowerCase().split('-');","                if (signingScheme.length == 1) {","                    if (SUPPORTED_HASH_ALGORITHMS.node.indexOf(signingScheme[0]) > -1) {","                        this.$options.signingSchemeOptions = {","                            hash: signingScheme[0]","                        };","                        this.$options.signingScheme = DEFAULT_SIGNING_SCHEME;","                    } else {","                        this.$options.signingScheme = signingScheme[0];","                        this.$options.signingSchemeOptions = {","                            hash: null","                        };","                    }","                } else {","                    this.$options.signingSchemeOptions = {","                        hash: signingScheme[1]","                    };","                    this.$options.signingScheme = signingScheme[0];","                }","            } else if (_.isObject(options.signingScheme)) {","                this.$options.signingScheme = options.signingScheme.scheme || DEFAULT_SIGNING_SCHEME;","                this.$options.signingSchemeOptions = _.omit(options.signingScheme, 'scheme');","            }","","            if (!schemes.isSignature(this.$options.signingScheme)) {","                throw Error('Unsupported signing scheme');","            }","","            if (this.$options.signingSchemeOptions.hash &&","                SUPPORTED_HASH_ALGORITHMS[this.$options.environment].indexOf(this.$options.signingSchemeOptions.hash) === -1) {","                throw Error('Unsupported hashing algorithm for ' + this.$options.environment + ' environment');","            }","        }","","        if (options.encryptionScheme) {","            if (_.isString(options.encryptionScheme)) {","                this.$options.encryptionScheme = options.encryptionScheme.toLowerCase();","                this.$options.encryptionSchemeOptions = {};","            } else if (_.isObject(options.encryptionScheme)) {","                this.$options.encryptionScheme = options.encryptionScheme.scheme || DEFAULT_ENCRYPTION_SCHEME;","                this.$options.encryptionSchemeOptions = _.omit(options.encryptionScheme, 'scheme');","            }","","            if (!schemes.isEncryption(this.$options.encryptionScheme)) {","                throw Error('Unsupported encryption scheme');","            }","","            if (this.$options.encryptionSchemeOptions.hash &&","                SUPPORTED_HASH_ALGORITHMS[this.$options.environment].indexOf(this.$options.encryptionSc
[...]
       reporter: 'list'","            },","            all: {src: ['test/**/*.js']}","        }","    });","","    require('jit-grunt')(grunt, {","        'simplemocha': 'grunt-simple-mocha'","    });","","    grunt.registerTask('lint', ['jshint:default']);","    grunt.registerTask('test', ['simplemocha']);","","    grunt.registerTask('default', ['lint', 'test']);","};"],"l":{"1":1,"2":0,"25":0,"29":0,"30":0,"32":0}},"/home/travis/build/npmtest/node-npmtest-node-rsa/node_modules/node-rsa/src/encryptEngines/io.js":{"path":"/home/travis/build/npmtest/node-npmtest-node-rsa/node_modules/node-rsa/src/encryptEngines/io.js","s":{"1":1,"2":1,"3":1,"4":1,"5":0,"6":0,"7":0,"8":0,"9":0,"10":0,"11":0,"12":0,"13":0,"14":0,"15":0,"16":0,"17":0,"18":0,"19":0,"20":0,"21":0,"22":0,"23":0,"24":0,"25":0,"26":0,"27":0,"28":0,"29":0,"30":0,"31":0,"32":0,"33":0,"34":0},"b":{"1":[0,0],"2":[0,0],"3":[0,0],"4":[0,0],"5":[0,0],"6":[0,0],"7":[0,0],"8":[0,0],"9":[0,0],"10":[0,0],"11":[0,0],"12":[0,0],"13":[0,0],"14":[0,0]},"f":{"1":0,"2":0,"3":0},"fnMap":{"1":{"name":"(anonymous_1)","line":5,"loc":{"start":{"line":5,"column":17},"end":{"line":5,"column":45}}},"2":{"name":"(anonymous_2)","line":9,"loc":{"start":{"line":9,"column":17},"end":{"line":9,"column":47}}},"3":{"name":"(anonymous_3)","line":40,"loc":{"start":{"line":40,"column":17},"end":{"line":40,"column":46}}}},"statementMap":{"1":{"start":{"line":1,"column":0},"end":{"line":1,"column":31}},"2":{"start":{"line":2,"column":0},"end":{"line":2,"column":37}},"3":{"start":{"line":3,"column":0},"end":{"line":3,"column":47}},"4":{"start":{"line":5,"column":0},"end":{"line":70,"column":2}},"5":{"start":{"line":6,"column":4},"end":{"line":6,"column":65}},"6":{"start":{"line":8,"column":4},"end":{"line":69,"column":6}},"7":{"start":{"line":10,"column":12},"end":{"line":37,"column":13}},"8":{"start":{"line":11,"column":16},"end":{"line":11,"column":58}},"9":{"start":{"line":12,"column":16},"end":{"line":14,"column":17}},"10":{"start":{"line":13,"column":20},"end":{"line":13,"column":70}},"11":{"start":{"line":15,"column":16},"end":{"line":18,"column":27}},"12":{"start":{"line":20,"column":16},"end":{"line":20,"column":63}},"13":{"start":{"line":21,"column":16},"end":{"line":23,"column":17}},"14":{"start":{"line":22,"column":20},"end":{"line":22,"column":58}},"15":{"start":{"line":24,"column":16},"end":{"line":26,"column":17}},"16":{"start":{"line":25,"column":20},"end":{"line":25,"column":70}},"17":{"start":{"line":28,"column":16},"end":{"line":28,"column":34}},"18":{"start":{"line":29,"column":16},"end":{"line":31,"column":17}},"19":{"start":{"line":30,"column":20},"end":{"line":30,"column":56}},"20":{"start":{"line":33,"column":16},"end":{"line":36,"column":25}},"21":{"start":{"line":41,"column":12},"end":{"line":67,"column":13}},"22":{"start":{"line":42,"column":16},"end":{"line":42,"column":58}},"23":{"start":{"line":43,"column":16},"end":{"line":45,"column":17}},"24":{"start":{"line":44,"column":20},"end":{"line":44,"column":70}},"25":{"start":{"line":46,"column":16},"end":{"line":49,"column":27}},"26":{"start":{"line":51,"column":16},"end":{"line":51,"column":63}},"27":{"start":{"line":52,"column":16},"end":{"line":54,"column":17}},"28":{"start":{"line":53,"column":20},"end":{"line":53,"column":58}},"29":{"start":{"line":55,"column":16},"end":{"line":57,"column":17}},"30":{"start":{"line":56,"column":20},"end":{"line":56,"column":70}},"31":{"start":{"line":58,"column":16},"end":{"line":61,"column":27}},"32":{"start":{"line":63,"column":16},"end":{"line":65,"column":17}},"33":{"start":{"line":64,"column":20},"end":{"line":64,"column":55}},"34":{"start":{"line":66,"column":16},"end":{"line":66,"column":27}}},"branchMap":{"1":{"line":10,"type":"if","locations":[{"start":{"line":10,"column":12},"end":{"line":10,"column":12}},{"start":{"line":10,"column":12},"end":{"line":10,"column":12}}]},"2":{"line":12,"type":"if","locations":[{"start":{"line":12,"column":16},"end":{"line":12,"column":16}},{"start":{"line":12,"column":16},"end":{"line":12,"column":16}}]},"3":{"line":12,"type":"binary-expr","locations":[{"start":{"line":12,"column":20},"end":{"line":12,"column":51}},{"start":{"line":12,"column":55},"end":{"line":12,"column":94}}]},"4":{"line":21,"type":"if","locations":[{"start":{"line":21,"column":16},"end":{"line":21,"column":16}},{"start":{"line":21,"column":16},"end":{"line":21,"column":16}}]},"5":{"line":24,"type":"if","locations":[{"start":{"line":24,"column":16},"end":{"line":24,"column":16}},{"start":{"line":24,"column":16},"end":{"line":24,"column":16}}]},"6":{"line":24,"type":"binary-expr","locations":[{"start":{"line":24,"column":20},"end":{"line":24,"column":51}},{"start":{"line":24,"column":55},"end":{"line":24,"column":94}}]},"7":{"line":29,"type":"if","locations":[{"start":{"line":29,"column":16},"end":{"line":29,"column":16}},{"start":{"line":29,"column":16},"end":{"line":29,"column":16}}]},"8":{"line":41,"type":"if","locations":[{"start":{"line":41,"column":12},"end":{"line":41,"column":12}},{"start":{"line":41,"column":12},"end":{"line":41,"column":12}}]},"9":{"line":43,"type":"if","locations":[{"start":{"line":43,"column":16},"end":{"line":43,"column":16}},{"start":{"line":43,"column":16},"end":{"line":43,"column":16}}]},"10":{"line":43,"type":"binary-expr","locations":[{"start":{"line":43,"column":20},"end":{"line":43,"column":51}},{"start":{"line":43,"column":55},"end":{"line":43,"column":94}}]},"11":{"line":52,"type":"if","locations":[{"start":{"line":52,"column":16},"end":{"line":52,"column":16}},{"start":{"line":52,"column":16},"end":{"line":52,"column":16}}]},"12":{"line":55,"type":"if","locations":[{"start":{"line":55,"column":16},"end":{"line":55,"column":16}},{"start":{"line":55,"column":16},"end":{"line":55,"column":16}}]},"13":{"line":55,"type":"binary-expr","locations":[{"start":{"line":55,"column":20},"end":{"line":55,"column":51}},{"start":{"line":55,"column":55},"end":{"line":55,"column":94}}]},"14":{"line":63,"type":"if","locations":[{"start":{"line":63,"column":16},"end":{"line":63,"column":16}},{"start":{"line":63,"column":16},"end":{"line":63,"column":16}}]}},"code":["var crypto = require('crypto');","var constants = require('constants');","var schemes = require('../schemes/schemes.js');","","module.exports = function (keyPair, options) {","    var pkcs1Scheme = schemes.pkcs1.makeScheme(keyPair, options);","","    return {","        encrypt: function (buffer, usePrivate) {","            if (usePrivate) {","                var padding = constants.RSA_PKCS1_PADDING;","                if (options.encryptionSchemeOptions && options.encryptionSchemeOptions.padding) {","                    padding = options.encryptionSchemeOptions.padding;","                }","                return crypto.privateEncrypt({","                    key: options.rsaUtils.exportKey('private'),","                    padding: padding","                }, buffer);","            } else {","                var padding = constants.RSA_PKCS1_OAEP_PADDING;","                if (options.encryptionScheme === 'pkcs1') {","                    padding = constants.RSA_PKCS1_PADDING;","                }","                if (options.encryptionSchemeOptions && options.encryptionSchemeOptions.padding) {","                    padding = options.encryptionSchemeOptions.padding;","                }","","                var data = buffer;","                if (padding === constants.RSA_NO_PADDING) {","                    data = pkcs1Scheme.pkcs0pad(buffer);","                }","","                return crypto.publicEncrypt({","                    key: options.rsaUtils.exportKey('public'),","                    padding: padding","                }, data);","            }","        },","","        decrypt: function (buffer, usePublic) {","            if (usePublic) {","                var padding = constants.RSA_PKCS1_PADDING;","                if (options.encryptionSchemeOptions && options.encryptionSchemeOptions.padding) {","                    padding = options.encryptionSchemeOptions.padding;","                }","                return crypto.publicDecrypt({","                    key: options.rsaUtils.exportKey('public'),","                    padding: padding","                }, buffer);","            } else {","                var padding = constants.RSA_PKCS1_OAEP_PADDING;","                if (options.encryptionScheme === 'pkcs1') {","                    padding = constants.RSA_PKCS1_PADDING;","                }","                if (options.encryptionSchemeOptions && options.encryptionSchemeOptions.padding) {","                    padding = options.encryptionSchemeOptions.padding;","                }","                var res = crypto.privateDecrypt({","                    key: options.rsaUtils.exportKey('private'),","                    padding: padding","                }, buffer);","","                if (padding === constants.RSA_NO_PADDING) {","                    return pkcs1Scheme.pkcs0unpad(res);","                }","                return res;","            }","        }","    };","};"],"l":{"1":1,"2":1,"3":1,"5":1,"6":0,"8":0,"10":0,"11":0,"12":0,"13":0,"15":0,"20":0,"21":0,"22":0,"24":0,"25":0,"28":0,"29":0,"30":0,"33":0,"41":0,"42":0,"43":0,"44":0,"46":0,"51":0,"52":0,"53":0,"55":0,"56":0,"58":0,"63":0,"64":0,"66":0}},"/home/travis/build/npmtest/node-npmtest-node-rsa/node_modules/node-rsa/src/encryptEngines/js.js":{"path":"/home/travis/build/npmtest/node-npmtest-node-rsa/node_modules/node-rsa/src/encryptEngines/js.js","s":{"1":1,"2":1,"3":1,"4":0,"5":0,"6":0,"7":0,"8":0,"9":0,"10":0,"11":0,"12":0,"13":0,"14":0,"15":0,"16":0,"17":0,"18":0},"b":{"1":[0,0],"2":[0,0]},"f":{"1":0,"2":0,"3":0},"fnMap":{"1":{"name":"(anonymous_1)","line":4,"loc":{"start":{"line":4,"column":17},"end":{"line":4,"column":45}}},"2":{"name":"(anonymous_2)","line":8,"loc":{"start":{"line":8,"column":17},"end":{"line":8,"column":47}}},"3":{"name":"(anonymous_3)","line":21,"loc":{"start":{"line":21,"column":17},"end":{"line":21,"column":46}}}},"statementMap":{"1":{"start":{"line":1,"column":0},"end":{"line":1,"column":44}},"2":{"start":{"line":2,"column":0},"end":{"line":2,"column":47}},"3":{"start":{"line":4,"column":0},"end":{"line":34,"column":2}},"4":{"start":{"line":5,"column":4},"end":{"line":5,"column":65}},"5":{"start":{"line":7,"column":4},"end":{"line":33,"column":6}},"6":{"start":{"line":9,"column":12},"end":{"line":9,"column":21}},"7":{"start":{"line":10,"column":12},"end":{"line":17,"column":13}},"8":{"start":{"line":12,"column":16},"end":{"line":12,"column":74}},"9":{"start":{"line":13,"column":16},"end":{"line":13,"column":42}},"10":{"start":{"line":15,"column":16},"end":{"line":15,"column":76}},"11":{"start":{"line":16,"column":16},"end":{"line":16,"column":41}},"12":{"start":{"line":18,"column":12},"end":{"line":18,"column":59}},"13":{"start":{"line":22,"column":12},"end":{"line":22,"column":46}},"14":{"start":{"line":24,"column":12},"end":{"line":31,"column":13}},"15":{"start":{"line":25,"column":16},"end":{"line":25,"column":41}},"16":{"start":{"line":27,"column":16},"end":{"line":27,"column":96}},"17":{"start":{"line":29,"column":16},"end":{"line":29,"column":42}},"18":{"start":{"line":30,"column":16},"end":{"line":30,"column":98}}},"branchMap":{"1":{"line":10,"type":"if","locations":[{"start":{"line":10,"column":12},"end":{"line":10,"column":12}},{"start":{"line":10,"column":12},"end":{"line":10,"column":12}}]},"2":{"line":24,"type":"if","locations":[{"start":{"line":24,"column":12},"end":{"line":24,"column":12}},{"start":{"line":24,"column":12},"end":{"line":24,"column":12}}]}},"code":["var BigInteger = require('../libs/jsbn.js');","var schemes = require('../schemes/schemes.js');","","module.exports = function (keyPair, options) {","    var pkcs1Scheme = schemes.pkcs1.makeScheme(keyPair, options);","","    return {","        encrypt: function (buffer, usePrivate) {","            var m, c;","            if (usePrivate) {","                /* Type 1: zeros padding for private key encrypt */","                m = new BigInteger(pkcs1Scheme.encPad(buffer, {type: 1}));","                c = keyPair.$doPrivate(m);","            } else {","                m = new BigInteger(keyPair.encryptionScheme.encPad(buffer));","                c = keyPair.$doPublic(m);","            }","            return c.toBuffer(keyPair.encryptedDataLength);","        },","","        decrypt: function (buffer, usePublic) {","            var m, c = new BigInteger(buffer);","","            if (usePublic) {","                m = keyPair.$doPublic(c);","                /* Type 1: zeros padding for private key decrypt */","                return pkcs1Scheme.encUnPad(m.toBuffer(keyPair.encryptedDataLength), {type: 1});","            } else {","                m = keyPair.$doPrivate(c);","                return keyPair.encryptionScheme.encUnPad(m.toBuffer(keyPair.encryptedDataLength));","            }","        }","    };","};"],"l":{"1":1,"2":1,"4":1,"5":0,"7":0,"9":0,"10":0,"12":0,"13":0,"15":0,"16":0,"18":0,"22":0,"24":0,"25":0,"27":0,"29":0,"30":0}},"/home/travis/build/npmtest/node-npmtest-node-rsa/node_modules/node-rsa/src/encryptEngines/node12.js":{"path":"/home/travis/build/npmtest/node-npmtest-node-rsa/node_modules/node-rsa/src/encryptEngines/node12.js","s":{"1":1,"2":1,"3":1,"4":1,"5":0,"6":0,"7":0,"8":0,"9":0,"10":0,"11":0,"12":0,"13":0,"14":0,"15":0,"16":0,"17":0,"18":0,"19":0,"20":0,"21":0,"22":0,"23":0,"24":0,"25":0,"26":0,"27":0,"28":0,"29":0},"b":{"1":[0,0],"2":[0,0],"3":[0,0],"4":[0,0],"5":[0,0],"6":[0,0],"7":[0,0],"8":[0,0],"9":[0,0],"10":[0,0]},"f":{"1":0,"2":0,"3":0},"fnMap":{"1":{"name":"(anonymous_1)","line":5,"loc":{"start":{"line":5,"column":17},"end":{"line":5,"column":45}}},"2":{"name":"(anonymous_2)","line":10,"loc":{"start":{"line":10,"column":17},"end":{"line":10,"column":47}}},"3":{"name":"(anonymous_3)","line":33,"loc":{"start":{"line":33,"column":17},"end":{"line":33,"column":46}}}},"statementMap":{"1":{"start":{"line":1,"column":0},"end":{"line":1,"column":31}},"2":{"start":{"line":2,"column":0},"end":{"line":2,"column":37}},"3":{"start":{"line":3,"column":0},"end":{"line":3,"column":47}},"4":{"start":{"line":5,"column":0},"end":{"line":56,"column":2}},"5":{"start":{"line":6,"column":4},"end":{"line":6,"column":56}},"6":{"start":{"line":7,"column":4},"end":{"line":7,"column":65}},"7":{"start":{"line":9,"column":4},"end":{"line":55,"column":6}},"8":{"start":{"line":11,"column":12},"end":{"line":13,"column":13}},"9":{"start":{"line":12,"column":16},"end":{"line":12,"column":60}},"10":{"start":{"line":14,"column":12},"end":{"line":14,"column":59}},"11":{"start":{"line":15,"column":12},"end":{"line":17,"column":13}},"12":{"start":{"line":16,"column":16},"end":{"line":16,"column":54}},"13":{"start":{"line":18,"column":12},"end":{"line":20,"column":13}},"14":{"start":{"line":19,"column":16},"end":{"line":19,"column":66}},"15":{"start":{"line":22,"column":12},"end":{"line":22,"column":30}},"16":{"start":{"line":23,"column":12},"end":{"line":25,"column":13}},"17":{"start":{"line":24,"column":16},"end":{"line":24,"column":52}},"18":{"start":{"line":27,"column":12},"end":{"line":30,"column":21}},"19":{"start":{"line":34,"column":12},"end":{"line":36,"column":13}},"20":{"start":{"line":35,"column":16},"end":{"line":35,"column":59}},"21":{"start":{"line":37,"column":12},"end":{"line":37,"column":59}},"22":{"start":{"line":38,"column":12},"end":{"line":40,"column":13}},"23":{"start":{"line":39,"column":16},"end":{"line":39,"column":54}},"24":{"start":{"line":41,"column":12},"end":{"line":43,"column":13}},"25":{"start":{"line":42,"column":16},"end":{"line":42,"column":66}},"26":{"start":{"line":45,"column":12},"end":{"line":48,"column":23}},"27":{"start":{"line":50,"column":12},"end":{"line":52,"column":13}},"28":{"start":{"line":51,"column":16},"end":{"line":51,"column":51}},"29":{"start":{"line":53,"column":12},"end":{"line":53,"column":23}}},"branchMap":{"1":{"line":11,"type":"if","locations":[{"start":{"line":11,"column":12},"end":{"line":11,"column":12}},{"start":{"line":11,"column":12},"end":{"line":11,"column":12}}]},"2":{"line":15,"type":"if","locations":[{"start":{"line":15,"column":12},"end":{"line":15,"column":12}},{"start":{"line":15,"column":12},"end":{"line":15,"column":12}}]},"3":{"line":18,"type":"if","locations":[{"start":{"line":18,"column":12},"end":{"line":18,"column":12}},{"start":{"line":18,"column":12},"end":{"line":18,"column":12}}]},"4":{"line":18,"type":"binary-expr","locations":[{"start":{"line":18,"column":16},"end":{"line":18,"column":47}},{"start":{"line":18,"column":51},"end":{"line":18,"column":90}}]},"5":{"line":23,"type":"if","locations":[{"start":{"line":23,"column":12},"end":{"line":23,"column":12}},{"start":{"line":23,"column":12},"end":{"line":23,"column":12}}]},"6":{"line":34,"type":"if","locations":[{"start":{"line":34,"column":12},"end":{"line":34,"column":12}},{"start":{"line":34,"column":12},"end":{"line":34,"column":12}}]},"7":{"line":38,"type":"if","locations":[{"start":{"line":38,"column":12},"end":{"line":38,"column":12}},{"start":{"line":38,"column":12},"end":{"line":38,"column":12}}]},"8":{"line":41,"type":"if","locations":[{"start":{"line":41,"column":12},"end":{"line":41,"column":12}},{"start":{"line":41,"column":12},"end":{"line":41,"column":12}}]},"9":{"line":41,"type":"binary-expr","locations":[{"start":{"line":41,"column":16},"end":{"line":41,"column":47}},{"start":{"line":41,"column":51},"end":{"line":41,"column":90}}]},"10":{"line":50,"type":"if","locations":[{"start":{"line":50,"column":12},"end":{"line":50,"column":12}},{"start":{"line":50,"column":12},"end":{"line":50,"column":12}}]}},"code":["var crypto = require('crypto');","var constants = require('constants');","var schemes = require('../schemes/schemes.js');","","module.exports = function (keyPair, options) {","    var jsEngine = require('./js.js')(keyPair, options);","    var pkcs1Scheme = schemes.pkcs1.makeScheme(keyPair, options);","","    return {","        encrypt: function (buffer, usePrivate) {","            if (usePrivate) {","                return jsEngine.encrypt(buffer, usePrivate);","            }","            var padding = constants.RSA_PKCS1_OAEP_PADDING;","            if (options.encryptionScheme === 'pkcs1') {","                padding = constants.RSA_PKCS1_PADDING;","            }","            if (options.encryptionSchemeOptions && options.encryptionSchemeOptions.padding) {","                padding = options.encryptionSchemeOptions.padding;","            }","","            var data = buffer;","            if (padding === constants.RSA_NO_PADDING) {","                data = pkcs1Scheme.pkcs0pad(buffer);","            }","","            return crypto.publicEncrypt({","                key: options.rsaUtils.exportKey('public'),","                padding: padding","            }, data);","        },","","        decrypt: function (buffer, usePublic) {","            if (usePublic) {","                return jsEngine.decrypt(buffer, usePublic);","            }","            var padding = constants.RSA_PKCS1_OAEP_PADDING;","            if (options.encryptionScheme === 'pkcs1') {","                padding = constants.RSA_PKCS1_PADDING;","            }","            if (options.encryptionSchemeOptions && options.encryptionSchemeOptions.padding) {","                padding = options.encryptionSchemeOptions.padding;","            }","","            var res = crypto.privateDecrypt({","                key: options.rsaUtils.exportKey('private'),","                padding: padding","            }, buffer);","","            if (padding === constants.RSA_NO_PADDING) {","                return pkcs1Scheme.pkcs0unpad(res);","            }","            return res;","        }","    };","};"],"l":{"1":1,"2":1,"3":1,"5":1,"6":0,"7":0,"9":0,"11":0,"12":0,"14":0,"15":0,"16":0,"18":0,"19":0,"22":0,"23":0,"24":0,"27":0,"34":0,"35":0,"37":0,"38":0,"39":0,"41":0,"42":0,"45":0,"50":0,"51":0,"53":0}}}